#
# There is insufficient memory for the Java Runtime Environment to continue.
# Native memory allocation (malloc) failed to allocate 1018528 bytes for Chunk::new
# Possible reasons:
#   The system is out of physical RAM or swap space
#   The process is running with CompressedOops enabled, and the Java Heap may be blocking the growth of the native heap
# Possible solutions:
#   Reduce memory load on the system
#   Increase physical memory or swap space
#   Check if swap backing store is full
#   Decrease Java heap size (-Xmx/-Xms)
#   Decrease number of Java threads
#   Decrease Java thread stack sizes (-Xss)
#   Set larger code cache with -XX:ReservedCodeCacheSize=
#   JVM is running with Unscaled Compressed Oops mode in which the Java heap is
#     placed in the first 4GB address space. The Java Heap base address is the
#     maximum limit for the native heap growth. Please use -XX:HeapBaseMinAddress
#     to set the Java Heap base and to place the Java Heap above 4GB virtual address.
# This output file may be truncated or incomplete.
#
#  Out of Memory Error (arena.cpp:189), pid=35164, tid=21268
#
# JRE version: Java(TM) SE Runtime Environment (17.0.12+8) (build 17.0.12+8-LTS-286)
# Java VM: Java HotSpot(TM) 64-Bit Server VM (17.0.12+8-LTS-286, mixed mode, sharing, tiered, compressed oops, compressed class ptrs, g1 gc, windows-amd64)
# No core dump will be written. Minidumps are not enabled by default on client versions of Windows
#

---------------  S U M M A R Y ------------

Command Line: -XX:MaxMetaspaceSize=512m --add-opens=java.base/java.util=ALL-UNNAMED --add-opens=java.base/java.lang=ALL-UNNAMED --add-opens=java.base/java.lang.invoke=ALL-UNNAMED --add-opens=java.prefs/java.util.prefs=ALL-UNNAMED --add-opens=java.base/java.nio.charset=ALL-UNNAMED --add-opens=java.base/java.net=ALL-UNNAMED --add-opens=java.base/java.util.concurrent.atomic=ALL-UNNAMED -Xmx2048m -Dfile.encoding=windows-1252 -Duser.country=PH -Duser.language=en -Duser.variant -javaagent:C:\Users\HEXALDIN\.gradle\wrapper\dists\gradle-8.8-all\6gdy1pgp427xkqcjbxw3ylt6h\gradle-8.8\lib\agents\gradle-instrumentation-agent-8.8.jar org.gradle.launcher.daemon.bootstrap.GradleDaemon 8.8

Host: 11th Gen Intel(R) Core(TM) i5-11400H @ 2.70GHz, 12 cores, 7G,  Windows 11 , 64 bit Build 22621 (10.0.22621.3958)
Time: Thu Sep 19 15:06:08 2024 Malay Peninsula Standard Time elapsed time: 23.028384 seconds (0d 0h 0m 23s)

---------------  T H R E A D  ---------------

Current thread (0x0000020f41d78100):  JavaThread "C2 CompilerThread0" daemon [_thread_in_native, id=21268, stack(0x0000007d96400000,0x0000007d96500000)]


Current CompileTask:
C2:  23028 8786       4       groovy.lang.MetaClassImpl::addMetaMethodToIndex (65 bytes)

Stack: [0x0000007d96400000,0x0000007d96500000]
Native frames: (J=compiled Java code, j=interpreted, Vv=VM code, C=native code)
V  [jvm.dll+0x67a04a]
V  [jvm.dll+0x7da4ed]
V  [jvm.dll+0x7dbe33]
V  [jvm.dll+0x7dc4a3]
V  [jvm.dll+0x24508f]
V  [jvm.dll+0xab773]
V  [jvm.dll+0xabd3c]
V  [jvm.dll+0x361bee]
V  [jvm.dll+0x32c431]
V  [jvm.dll+0x32b8ca]
V  [jvm.dll+0x21683f]
V  [jvm.dll+0x215c6f]
V  [jvm.dll+0x1a2960]
V  [jvm.dll+0x22610b]
V  [jvm.dll+0x2242ab]
V  [jvm.dll+0x79075c]
V  [jvm.dll+0x78abea]
V  [jvm.dll+0x678f35]
C  [ucrtbase.dll+0x29333]
C  [KERNEL32.DLL+0x1257d]
C  [ntdll.dll+0x5af28]


---------------  P R O C E S S  ---------------

Threads class SMR info:
_java_thread_list=0x0000020f63c097a0, length=129, elements={
0x0000020f23731ec0, 0x0000020f41d5f120, 0x0000020f41d5fbf0, 0x0000020f41d6f8b0,
0x0000020f41d72290, 0x0000020f41d74b70, 0x0000020f41d77450, 0x0000020f41d78100,
0x0000020f41d792d0, 0x0000020f41d7e010, 0x0000020f41d47f10, 0x0000020f61163080,
0x0000020f624ca080, 0x0000020f61ec0fd0, 0x0000020f6138a2d0, 0x0000020f61d61910,
0x0000020f613e32b0, 0x0000020f613ec040, 0x0000020f613ee3b0, 0x0000020f613ef2e0,
0x0000020f613ee8c0, 0x0000020f613ecf70, 0x0000020f613ed480, 0x0000020f613ebb30,
0x0000020f613ed990, 0x0000020f613edea0, 0x0000020f64618e50, 0x0000020f6461d530,
0x0000020f64618940, 0x0000020f6461bbe0, 0x0000020f6461da40, 0x0000020f64619360,
0x0000020f6461df50, 0x0000020f6461c600, 0x0000020f64619870, 0x0000020f6461a7a0,
0x0000020f64617f20, 0x0000020f6461b1c0, 0x0000020f6461b6d0, 0x0000020f64619d80,
0x0000020f64618430, 0x0000020f6461a290, 0x0000020f64617a10, 0x0000020f6461cb10,
0x0000020f6461d020, 0x0000020f64616ae0, 0x0000020f6461e460, 0x0000020f64616ff0,
0x0000020f64617500, 0x0000020f66acb6d0, 0x0000020f66accb10, 0x0000020f66ad07d0,
0x0000020f66acfdb0, 0x0000020f66acc600, 0x0000020f66ad02c0, 0x0000020f66acda40,
0x0000020f66ace460, 0x0000020f66acd020, 0x0000020f66acc0f0, 0x0000020f66acb1c0,
0x0000020f66acdf50, 0x0000020f66acd530, 0x0000020f66ace970, 0x0000020f66acee80,
0x0000020f66ac9360, 0x0000020f66ac9870, 0x0000020f66aca7a0, 0x0000020f66ad0ce0,
0x0000020f66ac9d80, 0x0000020f66acacb0, 0x0000020f66acbbe0, 0x0000020f66acf390,
0x0000020f66acf8a0, 0x0000020f65d672e0, 0x0000020f65d677f0, 0x0000020f65d68c30,
0x0000020f65d64a60, 0x0000020f65d64550, 0x0000020f65d67d00, 0x0000020f65d6a580,
0x0000020f65d663b0, 0x0000020f65d65480, 0x0000020f65d66dd0, 0x0000020f65d65990,
0x0000020f65d69140, 0x0000020f65d68720, 0x0000020f65d65ea0, 0x0000020f65d69650,
0x0000020f65d69b60, 0x0000020f65d6afa0, 0x0000020f65d6a070, 0x0000020f65d6aa90,
0x0000020f65d63b30, 0x0000020f65d6b4b0, 0x0000020f65d64040, 0x0000020f61ee6090,
0x0000020f61eeb190, 0x0000020f61ee74d0, 0x0000020f61ee8400, 0x0000020f61ee79e0,
0x0000020f61ee6ab0, 0x0000020f61ee5670, 0x0000020f61eeb6a0, 0x0000020f61eebbb0,
0x0000020f61ee8e20, 0x0000020f61ee4740, 0x0000020f61ee8910, 0x0000020f61ee65a0,
0x0000020f61eea770, 0x0000020f61ee9330, 0x0000020f61ee9840, 0x0000020f61eec0c0,
0x0000020f61ee9d50, 0x0000020f61ee7ef0, 0x0000020f61ee4c50, 0x0000020f61eea260,
0x0000020f61ee5160, 0x0000020f61ee6fc0, 0x0000020f61eeac80, 0x0000020f61ee5b80,
0x0000020f62a52100, 0x0000020f62a53030, 0x0000020f62a511d0, 0x0000020f62a50cc0,
0x0000020f62a52610, 0x0000020f62a516e0, 0x0000020f62a51bf0, 0x0000020f62a53540,
0x0000020f62a53a50
}

Java Threads: ( => current thread )
  0x0000020f23731ec0 JavaThread "main" [_thread_blocked, id=12616, stack(0x0000007d95700000,0x0000007d95800000)]
  0x0000020f41d5f120 JavaThread "Reference Handler" daemon [_thread_blocked, id=11388, stack(0x0000007d95e00000,0x0000007d95f00000)]
  0x0000020f41d5fbf0 JavaThread "Finalizer" daemon [_thread_blocked, id=17412, stack(0x0000007d95f00000,0x0000007d96000000)]
  0x0000020f41d6f8b0 JavaThread "Signal Dispatcher" daemon [_thread_blocked, id=424, stack(0x0000007d96000000,0x0000007d96100000)]
  0x0000020f41d72290 JavaThread "Attach Listener" daemon [_thread_blocked, id=30152, stack(0x0000007d96100000,0x0000007d96200000)]
  0x0000020f41d74b70 JavaThread "Service Thread" daemon [_thread_blocked, id=27348, stack(0x0000007d96200000,0x0000007d96300000)]
  0x0000020f41d77450 JavaThread "Monitor Deflation Thread" daemon [_thread_blocked, id=35980, stack(0x0000007d96300000,0x0000007d96400000)]
=>0x0000020f41d78100 JavaThread "C2 CompilerThread0" daemon [_thread_in_native, id=21268, stack(0x0000007d96400000,0x0000007d96500000)]
  0x0000020f41d792d0 JavaThread "C1 CompilerThread0" daemon [_thread_blocked, id=9260, stack(0x0000007d96500000,0x0000007d96600000)]
  0x0000020f41d7e010 JavaThread "Sweeper thread" daemon [_thread_blocked, id=36568, stack(0x0000007d96600000,0x0000007d96700000)]
  0x0000020f41d47f10 JavaThread "Common-Cleaner" daemon [_thread_blocked, id=24460, stack(0x0000007d96700000,0x0000007d96800000)]
  0x0000020f61163080 JavaThread "Notification Thread" daemon [_thread_blocked, id=19696, stack(0x0000007d96800000,0x0000007d96900000)]
  0x0000020f624ca080 JavaThread "Daemon health stats" [_thread_blocked, id=30628, stack(0x0000007d96e00000,0x0000007d96f00000)]
  0x0000020f61ec0fd0 JavaThread "Incoming local TCP Connector on port 64704" [_thread_in_native, id=25676, stack(0x0000007d96f00000,0x0000007d97000000)]
  0x0000020f6138a2d0 JavaThread "Daemon periodic checks" [_thread_blocked, id=33784, stack(0x0000007d97000000,0x0000007d97100000)]
  0x0000020f61d61910 JavaThread "Daemon" [_thread_blocked, id=24024, stack(0x0000007d97100000,0x0000007d97200000)]
  0x0000020f613e32b0 JavaThread "Handler for socket connection from /127.0.0.1:64704 to /127.0.0.1:64707" [_thread_in_native, id=19148, stack(0x0000007d97200000,0x0000007d97300000)]
  0x0000020f613ec040 JavaThread "Cancel handler" [_thread_blocked, id=32440, stack(0x0000007d97300000,0x0000007d97400000)]
  0x0000020f613ee3b0 JavaThread "Daemon worker" [_thread_in_Java, id=28692, stack(0x0000007d97400000,0x0000007d97500000)]
  0x0000020f613ef2e0 JavaThread "Asynchronous log dispatcher for DefaultDaemonConnection: socket connection from /127.0.0.1:64704 to /127.0.0.1:64707" [_thread_blocked, id=5708, stack(0x0000007d97500000,0x0000007d97600000)]
  0x0000020f613ee8c0 JavaThread "Stdin handler" [_thread_blocked, id=31672, stack(0x0000007d97600000,0x0000007d97700000)]
  0x0000020f613ecf70 JavaThread "Daemon client event forwarder" [_thread_blocked, id=24688, stack(0x0000007d97700000,0x0000007d97800000)]
  0x0000020f613ed480 JavaThread "Cache worker for journal cache (C:\Users\HEXALDIN\.gradle\caches\journal-1)" [_thread_blocked, id=25936, stack(0x0000007d97d00000,0x0000007d97e00000)]
  0x0000020f613ebb30 JavaThread "File lock request listener" [_thread_in_native, id=5368, stack(0x0000007d97e00000,0x0000007d97f00000)]
  0x0000020f613ed990 JavaThread "Cache worker for file hash cache (C:\Users\HEXALDIN\.gradle\caches\8.8\fileHashes)" [_thread_blocked, id=18216, stack(0x0000007d97f00000,0x0000007d98000000)]
  0x0000020f613edea0 JavaThread "Cache worker for file hash cache (C:\Users\HEXALDIN\Documents\GoogleAuth\android\.gradle\8.8\fileHashes)" [_thread_blocked, id=36092, stack(0x0000007d98100000,0x0000007d98200000)]
  0x0000020f64618e50 JavaThread "File watcher server" daemon [_thread_in_native, id=29300, stack(0x0000007d98000000,0x0000007d98100000)]
  0x0000020f6461d530 JavaThread "File watcher consumer" daemon [_thread_blocked, id=35764, stack(0x0000007d98200000,0x0000007d98300000)]
  0x0000020f64618940 JavaThread "Cache worker for checksums cache (C:\Users\HEXALDIN\Documents\GoogleAuth\android\.gradle\8.8\checksums)" [_thread_blocked, id=16024, stack(0x0000007d98500000,0x0000007d98600000)]
  0x0000020f6461bbe0 JavaThread "Cache worker for file content cache (C:\Users\HEXALDIN\.gradle\caches\8.8\fileContent)" [_thread_blocked, id=31280, stack(0x0000007d98600000,0x0000007d98700000)]
  0x0000020f6461da40 JavaThread "Cache worker for cache directory md-rule (C:\Users\HEXALDIN\.gradle\caches\8.8\md-rule)" [_thread_blocked, id=34112, stack(0x0000007d98800000,0x0000007d98900000)]
  0x0000020f64619360 JavaThread "Cache worker for cache directory md-supplier (C:\Users\HEXALDIN\.gradle\caches\8.8\md-supplier)" [_thread_blocked, id=19288, stack(0x0000007d98900000,0x0000007d98a00000)]
  0x0000020f6461df50 JavaThread "jar transforms" [_thread_blocked, id=6784, stack(0x0000007d98b00000,0x0000007d98c00000)]
  0x0000020f6461c600 JavaThread "Exec process" [_thread_blocked, id=4040, stack(0x0000007d98c00000,0x0000007d98d00000)]
  0x0000020f64619870 JavaThread "Exec process Thread 2" [_thread_blocked, id=17620, stack(0x0000007d98d00000,0x0000007d98e00000)]
  0x0000020f6461a7a0 JavaThread "Exec process Thread 3" [_thread_blocked, id=5448, stack(0x0000007d98e00000,0x0000007d98f00000)]
  0x0000020f64617f20 JavaThread "Unconstrained build operations" [_thread_blocked, id=16824, stack(0x0000007d98f00000,0x0000007d99000000)]
  0x0000020f6461b1c0 JavaThread "Unconstrained build operations Thread 2" [_thread_blocked, id=2764, stack(0x0000007d99000000,0x0000007d99100000)]
  0x0000020f6461b6d0 JavaThread "Unconstrained build operations Thread 3" [_thread_blocked, id=13728, stack(0x0000007d99100000,0x0000007d99200000)]
  0x0000020f64619d80 JavaThread "Unconstrained build operations Thread 4" [_thread_blocked, id=29004, stack(0x0000007d99200000,0x0000007d99300000)]
  0x0000020f64618430 JavaThread "Unconstrained build operations Thread 5" [_thread_blocked, id=19548, stack(0x0000007d99300000,0x0000007d99400000)]
  0x0000020f6461a290 JavaThread "Unconstrained build operations Thread 6" [_thread_blocked, id=13404, stack(0x0000007d99400000,0x0000007d99500000)]
  0x0000020f64617a10 JavaThread "Cache worker for Build Output Cleanup Cache (C:\Users\HEXALDIN\Documents\GoogleAuth\node_modules\@react-native\gradle-plugin\.gradle\buildOutputCleanup)" [_thread_blocked, id=33308, stack(0x0000007d99500000,0x0000007d99600000)]
  0x0000020f6461cb10 JavaThread "Unconstrained build operations Thread 7" [_thread_blocked, id=7860, stack(0x0000007d99600000,0x0000007d99700000)]
  0x0000020f6461d020 JavaThread "Unconstrained build operations Thread 8" [_thread_blocked, id=22928, stack(0x0000007d99700000,0x0000007d99800000)]
  0x0000020f64616ae0 JavaThread "Unconstrained build operations Thread 9" [_thread_blocked, id=16988, stack(0x0000007d99800000,0x0000007d99900000)]
  0x0000020f6461e460 JavaThread "Unconstrained build operations Thread 10" [_thread_blocked, id=20460, stack(0x0000007d99900000,0x0000007d99a00000)]
  0x0000020f64616ff0 JavaThread "Unconstrained build operations Thread 11" [_thread_blocked, id=23716, stack(0x0000007d99a00000,0x0000007d99b00000)]
  0x0000020f64617500 JavaThread "Unconstrained build operations Thread 12" [_thread_blocked, id=36152, stack(0x0000007d99b00000,0x0000007d99c00000)]
  0x0000020f66acb6d0 JavaThread "Unconstrained build operations Thread 13" [_thread_blocked, id=9372, stack(0x0000007d99c00000,0x0000007d99d00000)]
  0x0000020f66accb10 JavaThread "Unconstrained build operations Thread 14" [_thread_blocked, id=872, stack(0x0000007d99d00000,0x0000007d99e00000)]
  0x0000020f66ad07d0 JavaThread "Unconstrained build operations Thread 15" [_thread_blocked, id=1560, stack(0x0000007d99e00000,0x0000007d99f00000)]
  0x0000020f66acfdb0 JavaThread "Unconstrained build operations Thread 16" [_thread_blocked, id=84, stack(0x0000007d99f00000,0x0000007d9a000000)]
  0x0000020f66acc600 JavaThread "Unconstrained build operations Thread 17" [_thread_blocked, id=26772, stack(0x0000007d9a000000,0x0000007d9a100000)]
  0x0000020f66ad02c0 JavaThread "Unconstrained build operations Thread 18" [_thread_blocked, id=11688, stack(0x0000007d9a100000,0x0000007d9a200000)]
  0x0000020f66acda40 JavaThread "Unconstrained build operations Thread 19" [_thread_blocked, id=30576, stack(0x0000007d9a200000,0x0000007d9a300000)]
  0x0000020f66ace460 JavaThread "Unconstrained build operations Thread 20" [_thread_blocked, id=3144, stack(0x0000007d9a300000,0x0000007d9a400000)]
  0x0000020f66acd020 JavaThread "Unconstrained build operations Thread 21" [_thread_blocked, id=740, stack(0x0000007d9a400000,0x0000007d9a500000)]
  0x0000020f66acc0f0 JavaThread "Unconstrained build operations Thread 22" [_thread_blocked, id=13900, stack(0x0000007d9a500000,0x0000007d9a600000)]
  0x0000020f66acb1c0 JavaThread "Unconstrained build operations Thread 23" [_thread_blocked, id=17100, stack(0x0000007d9a600000,0x0000007d9a700000)]
  0x0000020f66acdf50 JavaThread "Unconstrained build operations Thread 24" [_thread_blocked, id=35812, stack(0x0000007d9a700000,0x0000007d9a800000)]
  0x0000020f66acd530 JavaThread "Unconstrained build operations Thread 25" [_thread_blocked, id=22592, stack(0x0000007d9a800000,0x0000007d9a900000)]
  0x0000020f66ace970 JavaThread "Unconstrained build operations Thread 26" [_thread_blocked, id=33628, stack(0x0000007d9a900000,0x0000007d9aa00000)]
  0x0000020f66acee80 JavaThread "Unconstrained build operations Thread 27" [_thread_blocked, id=12472, stack(0x0000007d9aa00000,0x0000007d9ab00000)]
  0x0000020f66ac9360 JavaThread "Unconstrained build operations Thread 28" [_thread_blocked, id=5124, stack(0x0000007d9ab00000,0x0000007d9ac00000)]
  0x0000020f66ac9870 JavaThread "Unconstrained build operations Thread 29" [_thread_blocked, id=30336, stack(0x0000007d9ac00000,0x0000007d9ad00000)]
  0x0000020f66aca7a0 JavaThread "Unconstrained build operations Thread 30" [_thread_blocked, id=18844, stack(0x0000007d9ad00000,0x0000007d9ae00000)]
  0x0000020f66ad0ce0 JavaThread "Unconstrained build operations Thread 31" [_thread_blocked, id=11236, stack(0x0000007d9ae00000,0x0000007d9af00000)]
  0x0000020f66ac9d80 JavaThread "Unconstrained build operations Thread 32" [_thread_blocked, id=4676, stack(0x0000007d9af00000,0x0000007d9b000000)]
  0x0000020f66acacb0 JavaThread "Unconstrained build operations Thread 33" [_thread_blocked, id=10524, stack(0x0000007d9b000000,0x0000007d9b100000)]
  0x0000020f66acbbe0 JavaThread "Unconstrained build operations Thread 34" [_thread_blocked, id=33992, stack(0x0000007d9b100000,0x0000007d9b200000)]
  0x0000020f66acf390 JavaThread "Unconstrained build operations Thread 35" [_thread_blocked, id=35356, stack(0x0000007d9b200000,0x0000007d9b300000)]
  0x0000020f66acf8a0 JavaThread "Unconstrained build operations Thread 36" [_thread_blocked, id=30656, stack(0x0000007d9b300000,0x0000007d9b400000)]
  0x0000020f65d672e0 JavaThread "Unconstrained build operations Thread 37" [_thread_blocked, id=21512, stack(0x0000007d9b400000,0x0000007d9b500000)]
  0x0000020f65d677f0 JavaThread "Unconstrained build operations Thread 38" [_thread_blocked, id=27280, stack(0x0000007d9b500000,0x0000007d9b600000)]
  0x0000020f65d68c30 JavaThread "Unconstrained build operations Thread 39" [_thread_blocked, id=30956, stack(0x0000007d9b600000,0x0000007d9b700000)]
  0x0000020f65d64a60 JavaThread "Memory manager" [_thread_blocked, id=16580, stack(0x0000007d9b700000,0x0000007d9b800000)]
  0x0000020f65d64550 JavaThread "build event listener" [_thread_blocked, id=36764, stack(0x0000007d9b800000,0x0000007d9b900000)]
  0x0000020f65d67d00 JavaThread "ForkJoinPool.commonPool-worker-1" daemon [_thread_blocked, id=35208, stack(0x0000007d9b900000,0x0000007d9ba00000)]
  0x0000020f65d6a580 JavaThread "ForkJoinPool.commonPool-worker-2" daemon [_thread_blocked, id=30064, stack(0x0000007d9ba00000,0x0000007d9bb00000)]
  0x0000020f65d663b0 JavaThread "ForkJoinPool.commonPool-worker-3" daemon [_thread_blocked, id=32020, stack(0x0000007d9bb00000,0x0000007d9bc00000)]
  0x0000020f65d65480 JavaThread "ForkJoinPool.commonPool-worker-4" daemon [_thread_blocked, id=26636, stack(0x0000007d9bc00000,0x0000007d9bd00000)]
  0x0000020f65d66dd0 JavaThread "ForkJoinPool.commonPool-worker-5" daemon [_thread_blocked, id=33172, stack(0x0000007d9bd00000,0x0000007d9be00000)]
  0x0000020f65d65990 JavaThread "ForkJoinPool.commonPool-worker-6" daemon [_thread_blocked, id=14044, stack(0x0000007d9be00000,0x0000007d9bf00000)]
  0x0000020f65d69140 JavaThread "ForkJoinPool.commonPool-worker-8" daemon [_thread_blocked, id=20020, stack(0x0000007d9bf00000,0x0000007d9c000000)]
  0x0000020f65d68720 JavaThread "ForkJoinPool.commonPool-worker-9" daemon [_thread_blocked, id=31388, stack(0x0000007d9c000000,0x0000007d9c100000)]
  0x0000020f65d65ea0 JavaThread "ForkJoinPool.commonPool-worker-7" daemon [_thread_blocked, id=31140, stack(0x0000007d9c100000,0x0000007d9c200000)]
  0x0000020f65d69650 JavaThread "ForkJoinPool.commonPool-worker-10" daemon [_thread_blocked, id=34520, stack(0x0000007d9c200000,0x0000007d9c300000)]
  0x0000020f65d69b60 JavaThread "ForkJoinPool.commonPool-worker-11" daemon [_thread_blocked, id=19672, stack(0x0000007d9c300000,0x0000007d9c400000)]
  0x0000020f65d6afa0 JavaThread "included builds" [_thread_blocked, id=35372, stack(0x0000007d9c400000,0x0000007d9c500000)]
  0x0000020f65d6a070 JavaThread "included builds Thread 2" [_thread_blocked, id=36148, stack(0x0000007d9c500000,0x0000007d9c600000)]
  0x0000020f65d6aa90 JavaThread "Execution worker" [_thread_blocked, id=35800, stack(0x0000007d9c600000,0x0000007d9c700000)]
  0x0000020f65d63b30 JavaThread "Execution worker Thread 2" [_thread_blocked, id=20780, stack(0x0000007d9c700000,0x0000007d9c800000)]
  0x0000020f65d6b4b0 JavaThread "Execution worker Thread 3" [_thread_blocked, id=28396, stack(0x0000007d9c800000,0x0000007d9c900000)]
  0x0000020f65d64040 JavaThread "Execution worker Thread 4" [_thread_blocked, id=12236, stack(0x0000007d9c900000,0x0000007d9ca00000)]
  0x0000020f61ee6090 JavaThread "Execution worker Thread 5" [_thread_blocked, id=12764, stack(0x0000007d9ca00000,0x0000007d9cb00000)]
  0x0000020f61eeb190 JavaThread "Execution worker Thread 6" [_thread_blocked, id=12696, stack(0x0000007d9cb00000,0x0000007d9cc00000)]
  0x0000020f61ee74d0 JavaThread "Execution worker Thread 7" [_thread_blocked, id=35900, stack(0x0000007d9cc00000,0x0000007d9cd00000)]
  0x0000020f61ee8400 JavaThread "Execution worker Thread 8" [_thread_blocked, id=22072, stack(0x0000007d9cd00000,0x0000007d9ce00000)]
  0x0000020f61ee79e0 JavaThread "Execution worker Thread 9" [_thread_blocked, id=32656, stack(0x0000007d9ce00000,0x0000007d9cf00000)]
  0x0000020f61ee6ab0 JavaThread "Execution worker Thread 10" [_thread_blocked, id=21220, stack(0x0000007d9cf00000,0x0000007d9d000000)]
  0x0000020f61ee5670 JavaThread "Execution worker Thread 11" [_thread_blocked, id=13648, stack(0x0000007d9d000000,0x0000007d9d100000)]
  0x0000020f61eeb6a0 JavaThread "Cache worker for execution history cache (C:\Users\HEXALDIN\Documents\GoogleAuth\node_modules\@react-native\gradle-plugin\.gradle\8.8\executionHistory)" [_thread_blocked, id=35100, stack(0x0000007d9d100000,0x0000007d9d200000)]
  0x0000020f61eebbb0 JavaThread "Unconstrained build operations Thread 40" [_thread_blocked, id=33220, stack(0x0000007d9d200000,0x0000007d9d300000)]
  0x0000020f61ee8e20 JavaThread "Unconstrained build operations Thread 41" [_thread_blocked, id=18660, stack(0x0000007d9d300000,0x0000007d9d400000)]
  0x0000020f61ee4740 JavaThread "Unconstrained build operations Thread 42" [_thread_blocked, id=28952, stack(0x0000007d9d400000,0x0000007d9d500000)]
  0x0000020f61ee8910 JavaThread "Unconstrained build operations Thread 43" [_thread_blocked, id=35780, stack(0x0000007d9d500000,0x0000007d9d600000)]
  0x0000020f61ee65a0 JavaThread "Unconstrained build operations Thread 44" [_thread_blocked, id=33836, stack(0x0000007d9d600000,0x0000007d9d700000)]
  0x0000020f61eea770 JavaThread "Unconstrained build operations Thread 45" [_thread_blocked, id=23264, stack(0x0000007d9d700000,0x0000007d9d800000)]
  0x0000020f61ee9330 JavaThread "Unconstrained build operations Thread 46" [_thread_blocked, id=35696, stack(0x0000007d9d800000,0x0000007d9d900000)]
  0x0000020f61ee9840 JavaThread "Unconstrained build operations Thread 47" [_thread_blocked, id=35088, stack(0x0000007d9d900000,0x0000007d9da00000)]
  0x0000020f61eec0c0 JavaThread "Unconstrained build operations Thread 48" [_thread_blocked, id=27952, stack(0x0000007d9da00000,0x0000007d9db00000)]
  0x0000020f61ee9d50 JavaThread "Unconstrained build operations Thread 49" [_thread_blocked, id=33580, stack(0x0000007d9db00000,0x0000007d9dc00000)]
  0x0000020f61ee7ef0 JavaThread "Unconstrained build operations Thread 50" [_thread_blocked, id=34692, stack(0x0000007d9dc00000,0x0000007d9dd00000)]
  0x0000020f61ee4c50 JavaThread "Unconstrained build operations Thread 51" [_thread_blocked, id=4812, stack(0x0000007d9dd00000,0x0000007d9de00000)]
  0x0000020f61eea260 JavaThread "Unconstrained build operations Thread 52" [_thread_blocked, id=9992, stack(0x0000007d9de00000,0x0000007d9df00000)]
  0x0000020f61ee5160 JavaThread "Unconstrained build operations Thread 53" [_thread_blocked, id=24264, stack(0x0000007d9df00000,0x0000007d9e000000)]
  0x0000020f61ee6fc0 JavaThread "Unconstrained build operations Thread 54" [_thread_blocked, id=31872, stack(0x0000007d9e000000,0x0000007d9e100000)]
  0x0000020f61eeac80 JavaThread "Unconstrained build operations Thread 55" [_thread_blocked, id=34856, stack(0x0000007d9e100000,0x0000007d9e200000)]
  0x0000020f61ee5b80 JavaThread "Unconstrained build operations Thread 56" [_thread_blocked, id=14312, stack(0x0000007d9e200000,0x0000007d9e300000)]
  0x0000020f62a52100 JavaThread "Unconstrained build operations Thread 57" [_thread_blocked, id=24776, stack(0x0000007d9e300000,0x0000007d9e400000)]
  0x0000020f62a53030 JavaThread "Unconstrained build operations Thread 58" [_thread_blocked, id=17396, stack(0x0000007d9e400000,0x0000007d9e500000)]
  0x0000020f62a511d0 JavaThread "Unconstrained build operations Thread 59" [_thread_blocked, id=30172, stack(0x0000007d9e500000,0x0000007d9e600000)]
  0x0000020f62a50cc0 JavaThread "Unconstrained build operations Thread 60" [_thread_blocked, id=26648, stack(0x0000007d9e600000,0x0000007d9e700000)]
  0x0000020f62a52610 JavaThread "jar transforms Thread 2" [_thread_blocked, id=14212, stack(0x0000007d9e700000,0x0000007d9e800000)]
  0x0000020f62a516e0 JavaThread "jar transforms Thread 3" [_thread_blocked, id=21452, stack(0x0000007d9e800000,0x0000007d9e900000)]
  0x0000020f62a51bf0 JavaThread "jar transforms Thread 4" [_thread_blocked, id=34500, stack(0x0000007d98700000,0x0000007d98800000)]
  0x0000020f62a53540 JavaThread "jar transforms Thread 5" [_thread_blocked, id=21532, stack(0x0000007d9e900000,0x0000007d9ea00000)]
  0x0000020f62a53a50 JavaThread "jar transforms Thread 6" [_thread_blocked, id=4392, stack(0x0000007d9ea00000,0x0000007d9eb00000)]

Other Threads:
  0x0000020f41d57760 VMThread "VM Thread" [stack: 0x0000007d95d00000,0x0000007d95e00000] [id=1656]
  0x0000020f237a3170 WatcherThread [stack: 0x0000007d96900000,0x0000007d96a00000] [id=27820]
  0x0000020f2154e840 GCTaskThread "GC Thread#0" [stack: 0x0000007d95800000,0x0000007d95900000] [id=33016]
  0x0000020f6171a7b0 GCTaskThread "GC Thread#1" [stack: 0x0000007d96a00000,0x0000007d96b00000] [id=16528]
  0x0000020f614c7110 GCTaskThread "GC Thread#2" [stack: 0x0000007d96b00000,0x0000007d96c00000] [id=28092]
  0x0000020f61cba3e0 GCTaskThread "GC Thread#3" [stack: 0x0000007d96c00000,0x0000007d96d00000] [id=1536]
  0x0000020f61ea0860 GCTaskThread "GC Thread#4" [stack: 0x0000007d96d00000,0x0000007d96e00000] [id=30248]
  0x0000020f61ea10a0 GCTaskThread "GC Thread#5" [stack: 0x0000007d97800000,0x0000007d97900000] [id=1944]
  0x0000020f61ea02e0 GCTaskThread "GC Thread#6" [stack: 0x0000007d97900000,0x0000007d97a00000] [id=31740]
  0x0000020f61e9f7e0 GCTaskThread "GC Thread#7" [stack: 0x0000007d97a00000,0x0000007d97b00000] [id=9804]
  0x0000020f61e9fd60 GCTaskThread "GC Thread#8" [stack: 0x0000007d97b00000,0x0000007d97c00000] [id=20564]
  0x0000020f61e9faa0 GCTaskThread "GC Thread#9" [stack: 0x0000007d97c00000,0x0000007d97d00000] [id=4408]
  0x0000020f23797b20 ConcurrentGCThread "G1 Main Marker" [stack: 0x0000007d95900000,0x0000007d95a00000] [id=27936]
  0x0000020f23798440 ConcurrentGCThread "G1 Conc#0" [stack: 0x0000007d95a00000,0x0000007d95b00000] [id=22736]
  0x0000020f61ea05a0 ConcurrentGCThread "G1 Conc#1" [stack: 0x0000007d98300000,0x0000007d98400000] [id=30928]
  0x0000020f61ea0020 ConcurrentGCThread "G1 Conc#2" [stack: 0x0000007d98400000,0x0000007d98500000] [id=12668]
  0x0000020f237ed900 ConcurrentGCThread "G1 Refine#0" [stack: 0x0000007d95b00000,0x0000007d95c00000] [id=17024]
  0x0000020f64fe5d00 ConcurrentGCThread "G1 Refine#1" [stack: 0x0000007d98a00000,0x0000007d98b00000] [id=6480]
  0x0000020f237ee240 ConcurrentGCThread "G1 Service" [stack: 0x0000007d95c00000,0x0000007d95d00000] [id=36796]

Threads with active compile tasks:
C2 CompilerThread0    23048 8786       4       groovy.lang.MetaClassImpl::addMetaMethodToIndex (65 bytes)
C1 CompilerThread0    23048 8822       3       java.nio.file.attribute.FileTime::equals (28 bytes)

VM state: not at safepoint (normal execution)

VM Mutex/Monitor currently owned by a thread: None

Heap address: 0x0000000080000000, size: 2048 MB, Compressed Oops mode: 32-bit

CDS archive(s) mapped at: [0x0000020f42000000-0x0000020f42bd0000-0x0000020f42bd0000), size 12386304, SharedBaseAddress: 0x0000020f42000000, ArchiveRelocationMode: 1.
Compressed class space mapped at: 0x0000020f43000000-0x0000020f5d000000, reserved size: 436207616
Narrow klass base: 0x0000020f42000000, Narrow klass shift: 0, Narrow klass range: 0x100000000

GC Precious Log:
 CPUs: 12 total, 12 available
 Memory: 7914M
 Large Page Support: Disabled
 NUMA Support: Disabled
 Compressed Oops: Enabled (32-bit)
 Heap Region Size: 1M
 Heap Min Capacity: 8M
 Heap Initial Capacity: 124M
 Heap Max Capacity: 2G
 Pre-touch: Disabled
 Parallel Workers: 10
 Concurrent Workers: 3
 Concurrent Refinement Workers: 10
 Periodic GC: Disabled

Heap:
 garbage-first heap   total 182272K, used 86694K [0x0000000080000000, 0x0000000100000000)
  region size 1024K, 18 young (18432K), 7 survivors (7168K)
 Metaspace       used 69481K, committed 70208K, reserved 491520K
  class space    used 9997K, committed 10368K, reserved 425984K

Heap Regions: E=young(eden), S=young(survivor), O=old, HS=humongous(starts), HC=humongous(continues), CS=collection set, F=free, OA=open archive, CA=closed archive, TAMS=top-at-mark-start (previous, next)
|   0|0x0000000080000000, 0x0000000080100000, 0x0000000080100000|100%|HS|  |TAMS 0x0000000080100000, 0x0000000080000000| Complete 
|   1|0x0000000080100000, 0x0000000080200000, 0x0000000080200000|100%|HC|  |TAMS 0x0000000080200000, 0x0000000080100000| Complete 
|   2|0x0000000080200000, 0x0000000080300000, 0x0000000080300000|100%|HC|  |TAMS 0x0000000080300000, 0x0000000080200000| Complete 
|   3|0x0000000080300000, 0x0000000080400000, 0x0000000080400000|100%|HC|  |TAMS 0x0000000080400000, 0x0000000080300000| Complete 
|   4|0x0000000080400000, 0x0000000080500000, 0x0000000080500000|100%| O|  |TAMS 0x0000000080500000, 0x0000000080400000| Untracked 
|   5|0x0000000080500000, 0x0000000080600000, 0x0000000080600000|100%| O|  |TAMS 0x0000000080600000, 0x0000000080500000| Untracked 
|   6|0x0000000080600000, 0x0000000080700000, 0x0000000080700000|100%| O|  |TAMS 0x0000000080700000, 0x0000000080600000| Untracked 
|   7|0x0000000080700000, 0x0000000080800000, 0x0000000080800000|100%| O|  |TAMS 0x0000000080800000, 0x0000000080700000| Untracked 
|   8|0x0000000080800000, 0x0000000080900000, 0x0000000080900000|100%| O|  |TAMS 0x0000000080900000, 0x0000000080800000| Untracked 
|   9|0x0000000080900000, 0x0000000080a00000, 0x0000000080a00000|100%| O|  |TAMS 0x0000000080a00000, 0x0000000080900000| Untracked 
|  10|0x0000000080a00000, 0x0000000080b00000, 0x0000000080b00000|100%| O|  |TAMS 0x0000000080b00000, 0x0000000080a00000| Untracked 
|  11|0x0000000080b00000, 0x0000000080c00000, 0x0000000080c00000|100%|HS|  |TAMS 0x0000000080c00000, 0x0000000080b00000| Complete 
|  12|0x0000000080c00000, 0x0000000080d00000, 0x0000000080d00000|100%| O|  |TAMS 0x0000000080d00000, 0x0000000080c00000| Untracked 
|  13|0x0000000080d00000, 0x0000000080e00000, 0x0000000080e00000|100%| O|  |TAMS 0x0000000080e00000, 0x0000000080d00000| Untracked 
|  14|0x0000000080e00000, 0x0000000080f00000, 0x0000000080f00000|100%| O|  |TAMS 0x0000000080f00000, 0x0000000080e00000| Untracked 
|  15|0x0000000080f00000, 0x0000000081000000, 0x0000000081000000|100%| O|  |TAMS 0x0000000081000000, 0x0000000080f00000| Untracked 
|  16|0x0000000081000000, 0x0000000081100000, 0x0000000081100000|100%| O|  |TAMS 0x0000000081100000, 0x0000000081000000| Untracked 
|  17|0x0000000081100000, 0x0000000081200000, 0x0000000081200000|100%| O|  |TAMS 0x0000000081200000, 0x0000000081100000| Untracked 
|  18|0x0000000081200000, 0x0000000081300000, 0x0000000081300000|100%| O|  |TAMS 0x0000000081300000, 0x0000000081200000| Untracked 
|  19|0x0000000081300000, 0x0000000081300000, 0x0000000081400000|  0%| F|  |TAMS 0x0000000081300000, 0x0000000081300000| Untracked 
|  20|0x0000000081400000, 0x0000000081500000, 0x0000000081500000|100%| O|  |TAMS 0x0000000081500000, 0x0000000081400000| Untracked 
|  21|0x0000000081500000, 0x0000000081600000, 0x0000000081600000|100%| O|  |TAMS 0x0000000081600000, 0x0000000081500000| Untracked 
|  22|0x0000000081600000, 0x0000000081700000, 0x0000000081700000|100%| O|  |TAMS 0x0000000081700000, 0x0000000081600000| Untracked 
|  23|0x0000000081700000, 0x0000000081800000, 0x0000000081800000|100%| O|  |TAMS 0x0000000081800000, 0x0000000081700000| Untracked 
|  24|0x0000000081800000, 0x0000000081900000, 0x0000000081900000|100%| O|  |TAMS 0x0000000081800000, 0x0000000081800000| Untracked 
|  25|0x0000000081900000, 0x0000000081a00000, 0x0000000081a00000|100%| O|  |TAMS 0x0000000081a00000, 0x0000000081900000| Untracked 
|  26|0x0000000081a00000, 0x0000000081b00000, 0x0000000081b00000|100%| O|  |TAMS 0x0000000081b00000, 0x0000000081a00000| Untracked 
|  27|0x0000000081b00000, 0x0000000081c00000, 0x0000000081c00000|100%| O|  |TAMS 0x0000000081c00000, 0x0000000081b00000| Untracked 
|  28|0x0000000081c00000, 0x0000000081d00000, 0x0000000081d00000|100%| O|  |TAMS 0x0000000081d00000, 0x0000000081c00000| Untracked 
|  29|0x0000000081d00000, 0x0000000081e00000, 0x0000000081e00000|100%| O|  |TAMS 0x0000000081e00000, 0x0000000081d00000| Untracked 
|  30|0x0000000081e00000, 0x0000000081f00000, 0x0000000081f00000|100%| O|  |TAMS 0x0000000081f00000, 0x0000000081e00000| Untracked 
|  31|0x0000000081f00000, 0x0000000082000000, 0x0000000082000000|100%| O|  |TAMS 0x0000000082000000, 0x0000000081f00000| Untracked 
|  32|0x0000000082000000, 0x0000000082100000, 0x0000000082100000|100%| O|  |TAMS 0x0000000082100000, 0x0000000082000000| Untracked 
|  33|0x0000000082100000, 0x0000000082200000, 0x0000000082200000|100%| O|  |TAMS 0x0000000082200000, 0x0000000082100000| Untracked 
|  34|0x0000000082200000, 0x0000000082300000, 0x0000000082300000|100%| O|  |TAMS 0x0000000082300000, 0x0000000082200000| Untracked 
|  35|0x0000000082300000, 0x0000000082400000, 0x0000000082400000|100%| O|  |TAMS 0x0000000082400000, 0x0000000082300000| Untracked 
|  36|0x0000000082400000, 0x0000000082500000, 0x0000000082500000|100%| O|  |TAMS 0x0000000082500000, 0x0000000082400000| Untracked 
|  37|0x0000000082500000, 0x0000000082600000, 0x0000000082600000|100%| O|  |TAMS 0x0000000082600000, 0x0000000082500000| Untracked 
|  38|0x0000000082600000, 0x0000000082700000, 0x0000000082700000|100%| O|  |TAMS 0x0000000082700000, 0x0000000082600000| Untracked 
|  39|0x0000000082700000, 0x0000000082800000, 0x0000000082800000|100%| O|  |TAMS 0x0000000082800000, 0x0000000082700000| Untracked 
|  40|0x0000000082800000, 0x0000000082900000, 0x0000000082900000|100%| O|  |TAMS 0x0000000082900000, 0x0000000082800000| Untracked 
|  41|0x0000000082900000, 0x0000000082a00000, 0x0000000082a00000|100%| O|  |TAMS 0x0000000082a00000, 0x0000000082900000| Untracked 
|  42|0x0000000082a00000, 0x0000000082b00000, 0x0000000082b00000|100%| O|  |TAMS 0x0000000082b00000, 0x0000000082a00000| Untracked 
|  43|0x0000000082b00000, 0x0000000082c00000, 0x0000000082c00000|100%|HS|  |TAMS 0x0000000082c00000, 0x0000000082b00000| Complete 
|  44|0x0000000082c00000, 0x0000000082d00000, 0x0000000082d00000|100%|HC|  |TAMS 0x0000000082d00000, 0x0000000082c00000| Complete 
|  45|0x0000000082d00000, 0x0000000082e00000, 0x0000000082e00000|100%| O|  |TAMS 0x0000000082e00000, 0x0000000082d00000| Untracked 
|  46|0x0000000082e00000, 0x0000000082f00000, 0x0000000082f00000|100%| O|  |TAMS 0x0000000082f00000, 0x0000000082e00000| Untracked 
|  47|0x0000000082f00000, 0x0000000083000000, 0x0000000083000000|100%| O|  |TAMS 0x0000000083000000, 0x0000000082f00000| Untracked 
|  48|0x0000000083000000, 0x0000000083100000, 0x0000000083100000|100%| O|  |TAMS 0x0000000083100000, 0x0000000083000000| Untracked 
|  49|0x0000000083100000, 0x0000000083200000, 0x0000000083200000|100%|HS|  |TAMS 0x0000000083200000, 0x0000000083100000| Complete 
|  50|0x0000000083200000, 0x0000000083300000, 0x0000000083300000|100%|HC|  |TAMS 0x0000000083300000, 0x0000000083200000| Complete 
|  51|0x0000000083300000, 0x0000000083400000, 0x0000000083400000|100%|HS|  |TAMS 0x0000000083400000, 0x0000000083300000| Complete 
|  52|0x0000000083400000, 0x0000000083500000, 0x0000000083500000|100%|HC|  |TAMS 0x0000000083500000, 0x0000000083400000| Complete 
|  53|0x0000000083500000, 0x0000000083600000, 0x0000000083600000|100%|HC|  |TAMS 0x0000000083600000, 0x0000000083500000| Complete 
|  54|0x0000000083600000, 0x0000000083700000, 0x0000000083700000|100%|HC|  |TAMS 0x0000000083700000, 0x0000000083600000| Complete 
|  55|0x0000000083700000, 0x0000000083800000, 0x0000000083800000|100%|HS|  |TAMS 0x0000000083800000, 0x0000000083700000| Complete 
|  56|0x0000000083800000, 0x0000000083900000, 0x0000000083900000|100%|HC|  |TAMS 0x0000000083900000, 0x0000000083800000| Complete 
|  57|0x0000000083900000, 0x0000000083a00000, 0x0000000083a00000|100%|HC|  |TAMS 0x0000000083a00000, 0x0000000083900000| Complete 
|  58|0x0000000083a00000, 0x0000000083b00000, 0x0000000083b00000|100%|HC|  |TAMS 0x0000000083b00000, 0x0000000083a00000| Complete 
|  59|0x0000000083b00000, 0x0000000083c00000, 0x0000000083c00000|100%| O|  |TAMS 0x0000000083c00000, 0x0000000083b00000| Untracked 
|  60|0x0000000083c00000, 0x0000000083d00000, 0x0000000083d00000|100%| O|  |TAMS 0x0000000083d00000, 0x0000000083c00000| Untracked 
|  61|0x0000000083d00000, 0x0000000083e00000, 0x0000000083e00000|100%| O|  |TAMS 0x0000000083e00000, 0x0000000083d00000| Untracked 
|  62|0x0000000083e00000, 0x0000000083f00000, 0x0000000083f00000|100%| O|  |TAMS 0x0000000083e3aa00, 0x0000000083e00000| Untracked 
|  63|0x0000000083f00000, 0x0000000084000000, 0x0000000084000000|100%| O|  |TAMS 0x0000000083f00000, 0x0000000083f00000| Untracked 
|  64|0x0000000084000000, 0x0000000084100000, 0x0000000084100000|100%| O|  |TAMS 0x0000000084000000, 0x0000000084000000| Untracked 
|  65|0x0000000084100000, 0x0000000084200000, 0x0000000084200000|100%| O|  |TAMS 0x0000000084100000, 0x0000000084100000| Untracked 
|  66|0x0000000084200000, 0x0000000084300000, 0x0000000084300000|100%| O|  |TAMS 0x0000000084200000, 0x0000000084200000| Untracked 
|  67|0x0000000084300000, 0x0000000084400000, 0x0000000084400000|100%| O|  |TAMS 0x0000000084300000, 0x0000000084300000| Untracked 
|  68|0x0000000084400000, 0x00000000844fbc00, 0x0000000084500000| 98%| O|  |TAMS 0x0000000084400000, 0x0000000084400000| Untracked 
|  69|0x0000000084500000, 0x0000000084500000, 0x0000000084600000|  0%| F|  |TAMS 0x0000000084500000, 0x0000000084500000| Untracked 
|  70|0x0000000084600000, 0x0000000084600000, 0x0000000084700000|  0%| F|  |TAMS 0x0000000084600000, 0x0000000084600000| Untracked 
|  71|0x0000000084700000, 0x0000000084700000, 0x0000000084800000|  0%| F|  |TAMS 0x0000000084700000, 0x0000000084700000| Untracked 
|  72|0x0000000084800000, 0x0000000084800000, 0x0000000084900000|  0%| F|  |TAMS 0x0000000084800000, 0x0000000084800000| Untracked 
|  73|0x0000000084900000, 0x0000000084900000, 0x0000000084a00000|  0%| F|  |TAMS 0x0000000084900000, 0x0000000084900000| Untracked 
|  74|0x0000000084a00000, 0x0000000084a00000, 0x0000000084b00000|  0%| F|  |TAMS 0x0000000084a00000, 0x0000000084a00000| Untracked 
|  75|0x0000000084b00000, 0x0000000084b00000, 0x0000000084c00000|  0%| F|  |TAMS 0x0000000084b00000, 0x0000000084b00000| Untracked 
|  76|0x0000000084c00000, 0x0000000084c00000, 0x0000000084d00000|  0%| F|  |TAMS 0x0000000084c00000, 0x0000000084c00000| Untracked 
|  77|0x0000000084d00000, 0x0000000084d00000, 0x0000000084e00000|  0%| F|  |TAMS 0x0000000084d00000, 0x0000000084d00000| Untracked 
|  78|0x0000000084e00000, 0x0000000084e00000, 0x0000000084f00000|  0%| F|  |TAMS 0x0000000084e00000, 0x0000000084e00000| Untracked 
|  79|0x0000000084f00000, 0x0000000084f00000, 0x0000000085000000|  0%| F|  |TAMS 0x0000000084f00000, 0x0000000084f00000| Untracked 
|  80|0x0000000085000000, 0x0000000085000000, 0x0000000085100000|  0%| F|  |TAMS 0x0000000085000000, 0x0000000085000000| Untracked 
|  81|0x0000000085100000, 0x0000000085100000, 0x0000000085200000|  0%| F|  |TAMS 0x0000000085100000, 0x0000000085100000| Untracked 
|  82|0x0000000085200000, 0x0000000085200000, 0x0000000085300000|  0%| F|  |TAMS 0x0000000085200000, 0x0000000085200000| Untracked 
|  83|0x0000000085300000, 0x0000000085300000, 0x0000000085400000|  0%| F|  |TAMS 0x0000000085300000, 0x0000000085300000| Untracked 
|  84|0x0000000085400000, 0x0000000085400000, 0x0000000085500000|  0%| F|  |TAMS 0x0000000085400000, 0x0000000085400000| Untracked 
|  85|0x0000000085500000, 0x0000000085500000, 0x0000000085600000|  0%| F|  |TAMS 0x0000000085500000, 0x0000000085500000| Untracked 
|  86|0x0000000085600000, 0x0000000085600000, 0x0000000085700000|  0%| F|  |TAMS 0x0000000085600000, 0x0000000085600000| Untracked 
|  87|0x0000000085700000, 0x0000000085700000, 0x0000000085800000|  0%| F|  |TAMS 0x0000000085700000, 0x0000000085700000| Untracked 
|  88|0x0000000085800000, 0x0000000085800000, 0x0000000085900000|  0%| F|  |TAMS 0x0000000085800000, 0x0000000085800000| Untracked 
|  89|0x0000000085900000, 0x0000000085900000, 0x0000000085a00000|  0%| F|  |TAMS 0x0000000085900000, 0x0000000085900000| Untracked 
|  90|0x0000000085a00000, 0x0000000085a00000, 0x0000000085b00000|  0%| F|  |TAMS 0x0000000085a00000, 0x0000000085a00000| Untracked 
|  91|0x0000000085b00000, 0x0000000085b00000, 0x0000000085c00000|  0%| F|  |TAMS 0x0000000085b00000, 0x0000000085b00000| Untracked 
|  92|0x0000000085c00000, 0x0000000085c00000, 0x0000000085d00000|  0%| F|  |TAMS 0x0000000085c00000, 0x0000000085c00000| Untracked 
|  93|0x0000000085d00000, 0x0000000085d00000, 0x0000000085e00000|  0%| F|  |TAMS 0x0000000085d00000, 0x0000000085d00000| Untracked 
|  94|0x0000000085e00000, 0x0000000085e00000, 0x0000000085f00000|  0%| F|  |TAMS 0x0000000085e00000, 0x0000000085e00000| Untracked 
|  95|0x0000000085f00000, 0x0000000085f00000, 0x0000000086000000|  0%| F|  |TAMS 0x0000000085f00000, 0x0000000085f00000| Untracked 
|  96|0x0000000086000000, 0x00000000860adf00, 0x0000000086100000| 67%| S|CS|TAMS 0x0000000086000000, 0x0000000086000000| Complete 
|  97|0x0000000086100000, 0x0000000086200000, 0x0000000086200000|100%| S|CS|TAMS 0x0000000086100000, 0x0000000086100000| Complete 
|  98|0x0000000086200000, 0x0000000086300000, 0x0000000086300000|100%| S|CS|TAMS 0x0000000086200000, 0x0000000086200000| Complete 
|  99|0x0000000086300000, 0x0000000086400000, 0x0000000086400000|100%| S|CS|TAMS 0x0000000086300000, 0x0000000086300000| Complete 
| 100|0x0000000086400000, 0x0000000086500000, 0x0000000086500000|100%| S|CS|TAMS 0x0000000086400000, 0x0000000086400000| Complete 
| 101|0x0000000086500000, 0x0000000086600000, 0x0000000086600000|100%| S|CS|TAMS 0x0000000086500000, 0x0000000086500000| Complete 
| 102|0x0000000086600000, 0x0000000086700000, 0x0000000086700000|100%| S|CS|TAMS 0x0000000086600000, 0x0000000086600000| Complete 
| 103|0x0000000086700000, 0x0000000086700000, 0x0000000086800000|  0%| F|  |TAMS 0x0000000086700000, 0x0000000086700000| Untracked 
| 104|0x0000000086800000, 0x0000000086800000, 0x0000000086900000|  0%| F|  |TAMS 0x0000000086800000, 0x0000000086800000| Untracked 
| 105|0x0000000086900000, 0x0000000086900000, 0x0000000086a00000|  0%| F|  |TAMS 0x0000000086900000, 0x0000000086900000| Untracked 
| 106|0x0000000086a00000, 0x0000000086a00000, 0x0000000086b00000|  0%| F|  |TAMS 0x0000000086a00000, 0x0000000086a00000| Untracked 
| 107|0x0000000086b00000, 0x0000000086b00000, 0x0000000086c00000|  0%| F|  |TAMS 0x0000000086b00000, 0x0000000086b00000| Untracked 
| 108|0x0000000086c00000, 0x0000000086c00000, 0x0000000086d00000|  0%| F|  |TAMS 0x0000000086c00000, 0x0000000086c00000| Untracked 
| 109|0x0000000086d00000, 0x0000000086d00000, 0x0000000086e00000|  0%| F|  |TAMS 0x0000000086d00000, 0x0000000086d00000| Untracked 
| 110|0x0000000086e00000, 0x0000000086e00000, 0x0000000086f00000|  0%| F|  |TAMS 0x0000000086e00000, 0x0000000086e00000| Untracked 
| 111|0x0000000086f00000, 0x0000000086f00000, 0x0000000087000000|  0%| F|  |TAMS 0x0000000086f00000, 0x0000000086f00000| Untracked 
| 112|0x0000000087000000, 0x0000000087000000, 0x0000000087100000|  0%| F|  |TAMS 0x0000000087000000, 0x0000000087000000| Untracked 
| 113|0x0000000087100000, 0x0000000087100000, 0x0000000087200000|  0%| F|  |TAMS 0x0000000087100000, 0x0000000087100000| Untracked 
| 114|0x0000000087200000, 0x0000000087200000, 0x0000000087300000|  0%| F|  |TAMS 0x0000000087200000, 0x0000000087200000| Untracked 
| 115|0x0000000087300000, 0x0000000087300000, 0x0000000087400000|  0%| F|  |TAMS 0x0000000087300000, 0x0000000087300000| Untracked 
| 116|0x0000000087400000, 0x0000000087400000, 0x0000000087500000|  0%| F|  |TAMS 0x0000000087400000, 0x0000000087400000| Untracked 
| 117|0x0000000087500000, 0x0000000087500000, 0x0000000087600000|  0%| F|  |TAMS 0x0000000087500000, 0x0000000087500000| Untracked 
| 118|0x0000000087600000, 0x0000000087600000, 0x0000000087700000|  0%| F|  |TAMS 0x0000000087600000, 0x0000000087600000| Untracked 
| 119|0x0000000087700000, 0x0000000087700000, 0x0000000087800000|  0%| F|  |TAMS 0x0000000087700000, 0x0000000087700000| Untracked 
| 120|0x0000000087800000, 0x0000000087800000, 0x0000000087900000|  0%| F|  |TAMS 0x0000000087800000, 0x0000000087800000| Untracked 
| 121|0x0000000087900000, 0x0000000087900000, 0x0000000087a00000|  0%| F|  |TAMS 0x0000000087900000, 0x0000000087900000| Untracked 
| 122|0x0000000087a00000, 0x0000000087a00000, 0x0000000087b00000|  0%| F|  |TAMS 0x0000000087a00000, 0x0000000087a00000| Untracked 
| 123|0x0000000087b00000, 0x0000000087b00000, 0x0000000087c00000|  0%| F|  |TAMS 0x0000000087b00000, 0x0000000087b00000| Untracked 
| 124|0x0000000087c00000, 0x0000000087c00000, 0x0000000087d00000|  0%| F|  |TAMS 0x0000000087c00000, 0x0000000087c00000| Untracked 
| 125|0x0000000087d00000, 0x0000000087d00000, 0x0000000087e00000|  0%| F|  |TAMS 0x0000000087d00000, 0x0000000087d00000| Untracked 
| 126|0x0000000087e00000, 0x0000000087e00000, 0x0000000087f00000|  0%| F|  |TAMS 0x0000000087e00000, 0x0000000087e00000| Untracked 
| 127|0x0000000087f00000, 0x0000000087f00000, 0x0000000088000000|  0%| F|  |TAMS 0x0000000087f00000, 0x0000000087f00000| Untracked 
| 128|0x0000000088000000, 0x0000000088000000, 0x0000000088100000|  0%| F|  |TAMS 0x0000000088000000, 0x0000000088000000| Untracked 
| 129|0x0000000088100000, 0x0000000088100000, 0x0000000088200000|  0%| F|  |TAMS 0x0000000088100000, 0x0000000088100000| Untracked 
| 130|0x0000000088200000, 0x0000000088200000, 0x0000000088300000|  0%| F|  |TAMS 0x0000000088200000, 0x0000000088200000| Untracked 
| 131|0x0000000088300000, 0x0000000088300000, 0x0000000088400000|  0%| F|  |TAMS 0x0000000088300000, 0x0000000088300000| Untracked 
| 132|0x0000000088400000, 0x0000000088400000, 0x0000000088500000|  0%| F|  |TAMS 0x0000000088400000, 0x0000000088400000| Untracked 
| 133|0x0000000088500000, 0x0000000088500000, 0x0000000088600000|  0%| F|  |TAMS 0x0000000088500000, 0x0000000088500000| Untracked 
| 134|0x0000000088600000, 0x0000000088600000, 0x0000000088700000|  0%| F|  |TAMS 0x0000000088600000, 0x0000000088600000| Untracked 
| 135|0x0000000088700000, 0x0000000088700000, 0x0000000088800000|  0%| F|  |TAMS 0x0000000088700000, 0x0000000088700000| Untracked 
| 136|0x0000000088800000, 0x0000000088800000, 0x0000000088900000|  0%| F|  |TAMS 0x0000000088800000, 0x0000000088800000| Untracked 
| 137|0x0000000088900000, 0x0000000088900000, 0x0000000088a00000|  0%| F|  |TAMS 0x0000000088900000, 0x0000000088900000| Untracked 
| 138|0x0000000088a00000, 0x0000000088a00000, 0x0000000088b00000|  0%| F|  |TAMS 0x0000000088a00000, 0x0000000088a00000| Untracked 
| 139|0x0000000088b00000, 0x0000000088b00000, 0x0000000088c00000|  0%| F|  |TAMS 0x0000000088b00000, 0x0000000088b00000| Untracked 
| 140|0x0000000088c00000, 0x0000000088c00000, 0x0000000088d00000|  0%| F|  |TAMS 0x0000000088c00000, 0x0000000088c00000| Untracked 
| 141|0x0000000088d00000, 0x0000000088d00000, 0x0000000088e00000|  0%| F|  |TAMS 0x0000000088d00000, 0x0000000088d00000| Untracked 
| 142|0x0000000088e00000, 0x0000000088e00000, 0x0000000088f00000|  0%| F|  |TAMS 0x0000000088e00000, 0x0000000088e00000| Untracked 
| 143|0x0000000088f00000, 0x0000000088f00000, 0x0000000089000000|  0%| F|  |TAMS 0x0000000088f00000, 0x0000000088f00000| Untracked 
| 144|0x0000000089000000, 0x0000000089000000, 0x0000000089100000|  0%| F|  |TAMS 0x0000000089000000, 0x0000000089000000| Untracked 
| 145|0x0000000089100000, 0x0000000089100000, 0x0000000089200000|  0%| F|  |TAMS 0x0000000089100000, 0x0000000089100000| Untracked 
| 146|0x0000000089200000, 0x0000000089200000, 0x0000000089300000|  0%| F|  |TAMS 0x0000000089200000, 0x0000000089200000| Untracked 
| 147|0x0000000089300000, 0x0000000089300000, 0x0000000089400000|  0%| F|  |TAMS 0x0000000089300000, 0x0000000089300000| Untracked 
| 148|0x0000000089400000, 0x0000000089400000, 0x0000000089500000|  0%| F|  |TAMS 0x0000000089400000, 0x0000000089400000| Untracked 
| 149|0x0000000089500000, 0x0000000089500000, 0x0000000089600000|  0%| F|  |TAMS 0x0000000089500000, 0x0000000089500000| Untracked 
| 150|0x0000000089600000, 0x0000000089600000, 0x0000000089700000|  0%| F|  |TAMS 0x0000000089600000, 0x0000000089600000| Untracked 
| 151|0x0000000089700000, 0x0000000089700000, 0x0000000089800000|  0%| F|  |TAMS 0x0000000089700000, 0x0000000089700000| Untracked 
| 152|0x0000000089800000, 0x0000000089800000, 0x0000000089900000|  0%| F|  |TAMS 0x0000000089800000, 0x0000000089800000| Untracked 
| 153|0x0000000089900000, 0x0000000089900000, 0x0000000089a00000|  0%| F|  |TAMS 0x0000000089900000, 0x0000000089900000| Untracked 
| 154|0x0000000089a00000, 0x0000000089a00000, 0x0000000089b00000|  0%| F|  |TAMS 0x0000000089a00000, 0x0000000089a00000| Untracked 
| 155|0x0000000089b00000, 0x0000000089b00000, 0x0000000089c00000|  0%| F|  |TAMS 0x0000000089b00000, 0x0000000089b00000| Untracked 
| 156|0x0000000089c00000, 0x0000000089c00000, 0x0000000089d00000|  0%| F|  |TAMS 0x0000000089c00000, 0x0000000089c00000| Untracked 
| 157|0x0000000089d00000, 0x0000000089d00000, 0x0000000089e00000|  0%| F|  |TAMS 0x0000000089d00000, 0x0000000089d00000| Untracked 
| 158|0x0000000089e00000, 0x0000000089e00000, 0x0000000089f00000|  0%| F|  |TAMS 0x0000000089e00000, 0x0000000089e00000| Untracked 
| 159|0x0000000089f00000, 0x0000000089f00000, 0x000000008a000000|  0%| F|  |TAMS 0x0000000089f00000, 0x0000000089f00000| Untracked 
| 160|0x000000008a000000, 0x000000008a000000, 0x000000008a100000|  0%| F|  |TAMS 0x000000008a000000, 0x000000008a000000| Untracked 
| 161|0x000000008a100000, 0x000000008a100000, 0x000000008a200000|  0%| F|  |TAMS 0x000000008a100000, 0x000000008a100000| Untracked 
| 162|0x000000008a200000, 0x000000008a200000, 0x000000008a300000|  0%| F|  |TAMS 0x000000008a200000, 0x000000008a200000| Untracked 
| 163|0x000000008a300000, 0x000000008a300000, 0x000000008a400000|  0%| F|  |TAMS 0x000000008a300000, 0x000000008a300000| Untracked 
| 164|0x000000008a400000, 0x000000008a400000, 0x000000008a500000|  0%| F|  |TAMS 0x000000008a400000, 0x000000008a400000| Untracked 
| 165|0x000000008a500000, 0x000000008a500000, 0x000000008a600000|  0%| F|  |TAMS 0x000000008a500000, 0x000000008a500000| Untracked 
| 166|0x000000008a600000, 0x000000008a600000, 0x000000008a700000|  0%| F|  |TAMS 0x000000008a600000, 0x000000008a600000| Untracked 
| 167|0x000000008a700000, 0x000000008a800000, 0x000000008a800000|100%| E|  |TAMS 0x000000008a700000, 0x000000008a700000| Complete 
| 168|0x000000008a800000, 0x000000008a900000, 0x000000008a900000|100%| E|CS|TAMS 0x000000008a800000, 0x000000008a800000| Complete 
| 169|0x000000008a900000, 0x000000008aa00000, 0x000000008aa00000|100%| E|CS|TAMS 0x000000008a900000, 0x000000008a900000| Complete 
| 170|0x000000008aa00000, 0x000000008ab00000, 0x000000008ab00000|100%| E|CS|TAMS 0x000000008aa00000, 0x000000008aa00000| Complete 
| 171|0x000000008ab00000, 0x000000008ac00000, 0x000000008ac00000|100%| E|CS|TAMS 0x000000008ab00000, 0x000000008ab00000| Complete 
| 172|0x000000008ac00000, 0x000000008ad00000, 0x000000008ad00000|100%| E|CS|TAMS 0x000000008ac00000, 0x000000008ac00000| Complete 
| 173|0x000000008ad00000, 0x000000008ae00000, 0x000000008ae00000|100%| E|CS|TAMS 0x000000008ad00000, 0x000000008ad00000| Complete 
| 174|0x000000008ae00000, 0x000000008af00000, 0x000000008af00000|100%| E|CS|TAMS 0x000000008ae00000, 0x000000008ae00000| Complete 
| 175|0x000000008af00000, 0x000000008b000000, 0x000000008b000000|100%| E|CS|TAMS 0x000000008af00000, 0x000000008af00000| Complete 
| 176|0x000000008b000000, 0x000000008b100000, 0x000000008b100000|100%| E|CS|TAMS 0x000000008b000000, 0x000000008b000000| Complete 
| 177|0x000000008b100000, 0x000000008b200000, 0x000000008b200000|100%| E|CS|TAMS 0x000000008b100000, 0x000000008b100000| Complete 

Card table byte_map: [0x0000020f3a930000,0x0000020f3ad30000] _byte_map_base: 0x0000020f3a530000

Marking Bits (Prev, Next): (CMBitMap*) 0x0000020f23787430, (CMBitMap*) 0x0000020f23787470
 Prev Bits: [0x0000020f3b130000, 0x0000020f3d130000)
 Next Bits: [0x0000020f3d130000, 0x0000020f3f130000)

Polling page: 0x0000020f22ef0000

Metaspace:

Usage:
  Non-class:     58.11 MB used.
      Class:      9.76 MB used.
       Both:     67.88 MB used.

Virtual space:
  Non-class space:       64.00 MB reserved,      58.50 MB ( 91%) committed,  1 nodes.
      Class space:      416.00 MB reserved,      10.12 MB (  2%) committed,  1 nodes.
             Both:      480.00 MB reserved,      68.62 MB ( 14%) committed. 

Chunk freelists:
   Non-Class:  4.69 MB
       Class:  5.92 MB
        Both:  10.61 MB

MaxMetaspaceSize: 512.00 MB
CompressedClassSpaceSize: 416.00 MB
Initial GC threshold: 21.00 MB
Current GC threshold: 98.69 MB
CDS: on
MetaspaceReclaimPolicy: balanced
 - commit_granule_bytes: 65536.
 - commit_granule_words: 8192.
 - virtual_space_node_default_size: 8388608.
 - enlarge_chunks_in_place: 1.
 - new_chunks_are_fully_committed: 0.
 - uncommit_free_chunks: 1.
 - use_allocation_guard: 0.
 - handle_deallocations: 1.


Internal statistics:

num_allocs_failed_limit: 6.
num_arena_births: 922.
num_arena_deaths: 0.
num_vsnodes_births: 2.
num_vsnodes_deaths: 0.
num_space_committed: 1098.
num_space_uncommitted: 0.
num_chunks_returned_to_freelist: 6.
num_chunks_taken_from_freelist: 3919.
num_chunk_merges: 6.
num_chunk_splits: 2531.
num_chunks_enlarged: 1638.
num_inconsistent_stats: 0.

CodeHeap 'non-profiled nmethods': size=120000Kb used=5034Kb max_used=5034Kb free=114965Kb
 bounds [0x0000020f32ab0000, 0x0000020f32fa0000, 0x0000020f39fe0000]
CodeHeap 'profiled nmethods': size=120000Kb used=15722Kb max_used=15722Kb free=104277Kb
 bounds [0x0000020f2afe0000, 0x0000020f2bf40000, 0x0000020f32510000]
CodeHeap 'non-nmethods': size=5760Kb used=2386Kb max_used=2449Kb free=3373Kb
 bounds [0x0000020f32510000, 0x0000020f32790000, 0x0000020f32ab0000]
 total_blobs=8963 nmethods=8062 adapters=813
 compilation: enabled
              stopped_count=0, restarted_count=0
 full_count=0

Compilation events (20 events):
Event: 23.010 Thread 0x0000020f41d792d0 8801       3       java.util.stream.ReferencePipeline::makeNodeBuilder (6 bytes)
Event: 23.010 Thread 0x0000020f41d792d0 nmethod 8801 0x0000020f2bf20410 code [0x0000020f2bf205a0, 0x0000020f2bf206e8]
Event: 23.010 Thread 0x0000020f41d792d0 8802       3       java.util.stream.Nodes::builder (30 bytes)
Event: 23.010 Thread 0x0000020f41d792d0 nmethod 8802 0x0000020f2bf20790 code [0x0000020f2bf20980, 0x0000020f2bf20fa8]
Event: 23.010 Thread 0x0000020f41d792d0 8803       3       java.util.stream.Nodes::flatten (70 bytes)
Event: 23.011 Thread 0x0000020f41d792d0 nmethod 8803 0x0000020f2bf21190 code [0x0000020f2bf213c0, 0x0000020f2bf21c38]
Event: 23.011 Thread 0x0000020f41d792d0 8804       3       sun.reflect.generics.scope.MethodScope::computeEnclosingScope (8 bytes)
Event: 23.011 Thread 0x0000020f41d792d0 nmethod 8804 0x0000020f2bf21f10 code [0x0000020f2bf220e0, 0x0000020f2bf22638]
Event: 23.012 Thread 0x0000020f41d792d0 8805       3       sun.reflect.generics.scope.MethodScope::getEnclosingClass (11 bytes)
Event: 23.012 Thread 0x0000020f41d792d0 nmethod 8805 0x0000020f2bf22810 code [0x0000020f2bf229c0, 0x0000020f2bf22c78]
Event: 23.012 Thread 0x0000020f41d792d0 8806       3       com.sun.beans.util.Cache::hash (49 bytes)
Event: 23.012 Thread 0x0000020f41d792d0 nmethod 8806 0x0000020f2bf22d90 code [0x0000020f2bf22f40, 0x0000020f2bf231d8]
Event: 23.012 Thread 0x0000020f41d792d0 8807   !   3       com.sun.beans.introspect.ClassInfo::getMethods (47 bytes)
Event: 23.012 Thread 0x0000020f41d792d0 nmethod 8807 0x0000020f2bf23290 code [0x0000020f2bf23440, 0x0000020f2bf23748]
Event: 23.012 Thread 0x0000020f41d792d0 8808   !   3       java.beans.PropertyDescriptor::findPropertyType (145 bytes)
Event: 23.014 Thread 0x0000020f41d792d0 nmethod 8808 0x0000020f2bf23890 code [0x0000020f2bf23ec0, 0x0000020f2bf27348]
Event: 23.022 Thread 0x0000020f41d792d0 8809       3       java.lang.Package::getName (5 bytes)
Event: 23.022 Thread 0x0000020f41d792d0 nmethod 8809 0x0000020f2bf28d90 code [0x0000020f2bf28f20, 0x0000020f2bf290d8]
Event: 23.024 Thread 0x0000020f41d792d0 8810       3       java.util.zip.ZipEntry::setExtra0 (493 bytes)
Event: 23.025 Thread 0x0000020f41d792d0 nmethod 8810 0x0000020f2bf29190 code [0x0000020f2bf29540, 0x0000020f2bf2b1f8]

GC Heap History (20 events):
Event: 18.537 GC heap before
{Heap before GC invocations=13 (full 0):
 garbage-first heap   total 103424K, used 83676K [0x0000000080000000, 0x0000000100000000)
  region size 1024K, 48 young (49152K), 6 survivors (6144K)
 Metaspace       used 48242K, committed 48832K, reserved 491520K
  class space    used 6754K, committed 7040K, reserved 425984K
}
Event: 18.542 GC heap after
{Heap after GC invocations=14 (full 0):
 garbage-first heap   total 103424K, used 40363K [0x0000000080000000, 0x0000000100000000)
  region size 1024K, 5 young (5120K), 5 survivors (5120K)
 Metaspace       used 48242K, committed 48832K, reserved 491520K
  class space    used 6754K, committed 7040K, reserved 425984K
}
Event: 19.148 GC heap before
{Heap before GC invocations=14 (full 0):
 garbage-first heap   total 103424K, used 81323K [0x0000000080000000, 0x0000000100000000)
  region size 1024K, 46 young (47104K), 5 survivors (5120K)
 Metaspace       used 52198K, committed 52736K, reserved 491520K
  class space    used 7394K, committed 7680K, reserved 425984K
}
Event: 19.155 GC heap after
{Heap after GC invocations=15 (full 0):
 garbage-first heap   total 103424K, used 43810K [0x0000000080000000, 0x0000000100000000)
  region size 1024K, 6 young (6144K), 6 survivors (6144K)
 Metaspace       used 52198K, committed 52736K, reserved 491520K
  class space    used 7394K, committed 7680K, reserved 425984K
}
Event: 19.476 GC heap before
{Heap before GC invocations=15 (full 0):
 garbage-first heap   total 103424K, used 80674K [0x0000000080000000, 0x0000000100000000)
  region size 1024K, 43 young (44032K), 6 survivors (6144K)
 Metaspace       used 53571K, committed 54144K, reserved 491520K
  class space    used 7583K, committed 7872K, reserved 425984K
}
Event: 19.482 GC heap after
{Heap after GC invocations=16 (full 0):
 garbage-first heap   total 103424K, used 47042K [0x0000000080000000, 0x0000000100000000)
  region size 1024K, 5 young (5120K), 5 survivors (5120K)
 Metaspace       used 53571K, committed 54144K, reserved 491520K
  class space    used 7583K, committed 7872K, reserved 425984K
}
Event: 19.728 GC heap before
{Heap before GC invocations=16 (full 0):
 garbage-first heap   total 103424K, used 69570K [0x0000000080000000, 0x0000000100000000)
  region size 1024K, 26 young (26624K), 5 survivors (5120K)
 Metaspace       used 55287K, committed 55936K, reserved 491520K
  class space    used 7883K, committed 8192K, reserved 425984K
}
Event: 19.732 GC heap after
{Heap after GC invocations=17 (full 0):
 garbage-first heap   total 103424K, used 50372K [0x0000000080000000, 0x0000000100000000)
  region size 1024K, 2 young (2048K), 2 survivors (2048K)
 Metaspace       used 55287K, committed 55936K, reserved 491520K
  class space    used 7883K, committed 8192K, reserved 425984K
}
Event: 20.119 GC heap before
{Heap before GC invocations=18 (full 0):
 garbage-first heap   total 103424K, used 91332K [0x0000000080000000, 0x0000000100000000)
  region size 1024K, 33 young (33792K), 2 survivors (2048K)
 Metaspace       used 58013K, committed 58688K, reserved 491520K
  class space    used 8289K, committed 8640K, reserved 425984K
}
Event: 20.123 GC heap after
{Heap after GC invocations=19 (full 0):
 garbage-first heap   total 103424K, used 62969K [0x0000000080000000, 0x0000000100000000)
  region size 1024K, 4 young (4096K), 4 survivors (4096K)
 Metaspace       used 58013K, committed 58688K, reserved 491520K
  class space    used 8289K, committed 8640K, reserved 425984K
}
Event: 20.133 GC heap before
{Heap before GC invocations=19 (full 0):
 garbage-first heap   total 103424K, used 62969K [0x0000000080000000, 0x0000000100000000)
  region size 1024K, 5 young (5120K), 4 survivors (4096K)
 Metaspace       used 58079K, committed 58752K, reserved 491520K
  class space    used 8298K, committed 8640K, reserved 425984K
}
Event: 20.137 GC heap after
{Heap after GC invocations=20 (full 0):
 garbage-first heap   total 103424K, used 62642K [0x0000000080000000, 0x0000000100000000)
  region size 1024K, 1 young (1024K), 1 survivors (1024K)
 Metaspace       used 58079K, committed 58752K, reserved 491520K
  class space    used 8298K, committed 8640K, reserved 425984K
}
Event: 20.324 GC heap before
{Heap before GC invocations=20 (full 0):
 garbage-first heap   total 103424K, used 84146K [0x0000000080000000, 0x0000000100000000)
  region size 1024K, 22 young (22528K), 1 survivors (1024K)
 Metaspace       used 59807K, committed 60544K, reserved 491520K
  class space    used 8514K, committed 8896K, reserved 425984K
}
Event: 20.326 GC heap after
{Heap after GC invocations=21 (full 0):
 garbage-first heap   total 182272K, used 64097K [0x0000000080000000, 0x0000000100000000)
  region size 1024K, 2 young (2048K), 2 survivors (2048K)
 Metaspace       used 59807K, committed 60544K, reserved 491520K
  class space    used 8514K, committed 8896K, reserved 425984K
}
Event: 21.087 GC heap before
{Heap before GC invocations=22 (full 0):
 garbage-first heap   total 182272K, used 143969K [0x0000000080000000, 0x0000000100000000)
  region size 1024K, 80 young (81920K), 2 survivors (2048K)
 Metaspace       used 63843K, committed 64512K, reserved 491520K
  class space    used 9071K, committed 9408K, reserved 425984K
}
Event: 21.093 GC heap after
{Heap after GC invocations=23 (full 0):
 garbage-first heap   total 182272K, used 69754K [0x0000000080000000, 0x0000000100000000)
  region size 1024K, 8 young (8192K), 8 survivors (8192K)
 Metaspace       used 63843K, committed 64512K, reserved 491520K
  class space    used 9071K, committed 9408K, reserved 425984K
}
Event: 21.101 GC heap before
{Heap before GC invocations=23 (full 0):
 garbage-first heap   total 182272K, used 70778K [0x0000000080000000, 0x0000000100000000)
  region size 1024K, 9 young (9216K), 8 survivors (8192K)
 Metaspace       used 63931K, committed 64704K, reserved 491520K
  class space    used 9081K, committed 9472K, reserved 425984K
}
Event: 21.109 GC heap after
{Heap after GC invocations=24 (full 0):
 garbage-first heap   total 182272K, used 70639K [0x0000000080000000, 0x0000000100000000)
  region size 1024K, 1 young (1024K), 1 survivors (1024K)
 Metaspace       used 63931K, committed 64704K, reserved 491520K
  class space    used 9081K, committed 9472K, reserved 425984K
}
Event: 22.653 GC heap before
{Heap before GC invocations=24 (full 0):
 garbage-first heap   total 182272K, used 145391K [0x0000000080000000, 0x0000000100000000)
  region size 1024K, 75 young (76800K), 1 survivors (1024K)
 Metaspace       used 69103K, committed 69824K, reserved 491520K
  class space    used 9947K, committed 10304K, reserved 425984K
}
Event: 22.662 GC heap after
{Heap after GC invocations=25 (full 0):
 garbage-first heap   total 182272K, used 76454K [0x0000000080000000, 0x0000000100000000)
  region size 1024K, 7 young (7168K), 7 survivors (7168K)
 Metaspace       used 69103K, committed 69824K, reserved 491520K
  class space    used 9947K, committed 10304K, reserved 425984K
}

Deoptimization events (20 events):
Event: 22.456 Thread 0x0000020f613ee3b0 Uncommon trap: trap_request=0xffffff45 fr.pc=0x0000020f32eea024 relative=0x0000000000005b64
Event: 22.456 Thread 0x0000020f613ee3b0 Uncommon trap: reason=unstable_if action=reinterpret pc=0x0000020f32eea024 method=java.lang.CharacterDataLatin1.isUpperCase(I)Z @ 7 c2
Event: 22.456 Thread 0x0000020f613ee3b0 DEOPT PACKING pc=0x0000020f32eea024 sp=0x0000007d974f9d70
Event: 22.456 Thread 0x0000020f613ee3b0 DEOPT UNPACKING pc=0x0000020f32565ba3 sp=0x0000007d974f9af8 mode 2
Event: 22.459 Thread 0x0000020f613ee3b0 Uncommon trap: trap_request=0xffffff45 fr.pc=0x0000020f32ee0ce0 relative=0x0000000000000700
Event: 22.459 Thread 0x0000020f613ee3b0 Uncommon trap: reason=unstable_if action=reinterpret pc=0x0000020f32ee0ce0 method=java.lang.CharacterDataLatin1.isUpperCase(I)Z @ 7 c2
Event: 22.459 Thread 0x0000020f613ee3b0 DEOPT PACKING pc=0x0000020f32ee0ce0 sp=0x0000007d974f91b0
Event: 22.459 Thread 0x0000020f613ee3b0 DEOPT UNPACKING pc=0x0000020f32565ba3 sp=0x0000007d974f9070 mode 2
Event: 22.463 Thread 0x0000020f613ee3b0 Uncommon trap: trap_request=0xffffff45 fr.pc=0x0000020f32f21434 relative=0x00000000000007b4
Event: 22.463 Thread 0x0000020f613ee3b0 Uncommon trap: reason=unstable_if action=reinterpret pc=0x0000020f32f21434 method=org.apache.commons.io.FilenameUtils.doNormalize(Ljava/lang/String;CZ)Ljava/lang/String; @ 215 c2
Event: 22.463 Thread 0x0000020f613ee3b0 DEOPT PACKING pc=0x0000020f32f21434 sp=0x0000007d974f9c70
Event: 22.463 Thread 0x0000020f613ee3b0 DEOPT UNPACKING pc=0x0000020f32565ba3 sp=0x0000007d974f9c18 mode 2
Event: 22.641 Thread 0x0000020f613ee3b0 Uncommon trap: trap_request=0xffffff45 fr.pc=0x0000020f32d057a0 relative=0x0000000000003940
Event: 22.641 Thread 0x0000020f613ee3b0 Uncommon trap: reason=unstable_if action=reinterpret pc=0x0000020f32d057a0 method=org.codehaus.groovy.runtime.metaclass.MetaMethodIndex.isNonRealMethod(Lgroovy/lang/MetaMethod;)Z @ 4 c2
Event: 22.641 Thread 0x0000020f613ee3b0 DEOPT PACKING pc=0x0000020f32d057a0 sp=0x0000007d974f57c0
Event: 22.642 Thread 0x0000020f613ee3b0 DEOPT UNPACKING pc=0x0000020f32565ba3 sp=0x0000007d974f5718 mode 2
Event: 22.758 Thread 0x0000020f613ee3b0 Uncommon trap: trap_request=0xffffff45 fr.pc=0x0000020f32dabf60 relative=0x0000000000000060
Event: 22.758 Thread 0x0000020f613ee3b0 Uncommon trap: reason=unstable_if action=reinterpret pc=0x0000020f32dabf60 method=java.lang.Class.getComponentType()Ljava/lang/Class; @ 4 c2
Event: 22.758 Thread 0x0000020f613ee3b0 DEOPT PACKING pc=0x0000020f32dabf60 sp=0x0000007d974f3850
Event: 22.758 Thread 0x0000020f613ee3b0 DEOPT UNPACKING pc=0x0000020f32565ba3 sp=0x0000007d974f37e0 mode 2

Classes unloaded (0 events):
No events

Classes redefined (0 events):
No events

Internal exceptions (20 events):
Event: 22.666 Thread 0x0000020f613ee3b0 Exception <a 'java/lang/ClassNotFoundException'{0x000000008b157578}: org/gradle/api/internal/catalog/DefaultVersionCatalogBuilder_DecoratedBeanInfo> (0x000000008b157578) 
thrown [s\open\src\hotspot\share\classfile\systemDictionary.cpp, line 256]
Event: 22.666 Thread 0x0000020f613ee3b0 Exception <a 'java/lang/ClassNotFoundException'{0x000000008b172188}: org/gradle/api/internal/catalog/DefaultVersionCatalogBuilderBeanInfo> (0x000000008b172188) 
thrown [s\open\src\hotspot\share\classfile\systemDictionary.cpp, line 256]
Event: 22.666 Thread 0x0000020f613ee3b0 Exception <a 'java/lang/ClassNotFoundException'{0x000000008b18d0c0}: org/gradle/api/internal/catalog/DefaultVersionCatalogBuilderCustomizer> (0x000000008b18d0c0) 
thrown [s\open\src\hotspot\share\classfile\systemDictionary.cpp, line 256]
Event: 22.667 Thread 0x0000020f613ee3b0 Exception <a 'java/lang/ClassNotFoundException'{0x000000008b1b3568}: org/gradle/api/internal/catalog/DefaultVersionCatalogBuilder_DecoratedCustomizer> (0x000000008b1b3568) 
thrown [s\open\src\hotspot\share\classfile\systemDictionary.cpp, line 256]
Event: 22.842 Thread 0x0000020f613ee3b0 Exception <a 'java/lang/ClassNotFoundException'{0x000000008b0189c8}: org/gradle/api/internal/plugins/DefaultObjectConfigurationActionBeanInfo> (0x000000008b0189c8) 
thrown [s\open\src\hotspot\share\classfile\systemDictionary.cpp, line 256]
Event: 22.842 Thread 0x0000020f613ee3b0 Exception <a 'java/lang/ClassNotFoundException'{0x000000008b028e98}: org/gradle/api/internal/plugins/DefaultObjectConfigurationActionCustomizer> (0x000000008b028e98) 
thrown [s\open\src\hotspot\share\classfile\systemDictionary.cpp, line 256]
Event: 22.867 Thread 0x0000020f613ee3b0 Exception <a 'java/lang/ClassNotFoundException'{0x000000008af28a00}: autolinking_8hy65vd5z2r0hoi72e4mnly3mBeanInfo> (0x000000008af28a00) 
thrown [s\open\src\hotspot\share\classfile\systemDictionary.cpp, line 256]
Event: 22.867 Thread 0x0000020f613ee3b0 Exception <a 'java/lang/ClassNotFoundException'{0x000000008af322d0}: autolinking_8hy65vd5z2r0hoi72e4mnly3mCustomizer> (0x000000008af322d0) 
thrown [s\open\src\hotspot\share\classfile\systemDictionary.cpp, line 256]
Event: 22.869 Thread 0x0000020f613ee3b0 Exception <a 'java/lang/ClassNotFoundException'{0x000000008af6e8c0}: groovy/lang/ReferenceBeanInfo> (0x000000008af6e8c0) 
thrown [s\open\src\hotspot\share\classfile\systemDictionary.cpp, line 256]
Event: 22.869 Thread 0x0000020f613ee3b0 Exception <a 'java/lang/ClassNotFoundException'{0x000000008af8c6b8}: groovy/lang/ReferenceCustomizer> (0x000000008af8c6b8) 
thrown [s\open\src\hotspot\share\classfile\systemDictionary.cpp, line 256]
Event: 22.992 Thread 0x0000020f613ee3b0 Exception <a 'java/lang/ClassNotFoundException'{0x000000008aef9248}: autolinking_implementation_amdg8jr3x8ima6d5mv1qhj42eBeanInfo> (0x000000008aef9248) 
thrown [s\open\src\hotspot\share\classfile\systemDictionary.cpp, line 256]
Event: 22.992 Thread 0x0000020f613ee3b0 Exception <a 'java/lang/ClassNotFoundException'{0x000000008aca5f18}: autolinking_implementation_amdg8jr3x8ima6d5mv1qhj42eCustomizer> (0x000000008aca5f18) 
thrown [s\open\src\hotspot\share\classfile\systemDictionary.cpp, line 256]
Event: 23.003 Thread 0x0000020f613ee3b0 Exception <a 'java/lang/ClassNotFoundException'{0x000000008ab03160}: ExpoAutolinkingManagerBeanInfo> (0x000000008ab03160) 
thrown [s\open\src\hotspot\share\classfile\systemDictionary.cpp, line 256]
Event: 23.003 Thread 0x0000020f613ee3b0 Exception <a 'java/lang/ClassNotFoundException'{0x000000008ab0bf90}: ExpoAutolinkingManagerCustomizer> (0x000000008ab0bf90) 
thrown [s\open\src\hotspot\share\classfile\systemDictionary.cpp, line 256]
Event: 23.010 Thread 0x0000020f613ee3b0 Exception <a 'java/lang/ClassNotFoundException'{0x000000008abaa1a0}: java/util/LinkedHashMapBeanInfo> (0x000000008abaa1a0) 
thrown [s\open\src\hotspot\share\classfile\systemDictionary.cpp, line 256]
Event: 23.010 Thread 0x0000020f613ee3b0 Exception <a 'java/lang/ClassNotFoundException'{0x000000008abb0f20}: java/util/HashMapBeanInfo> (0x000000008abb0f20) 
thrown [s\open\src\hotspot\share\classfile\systemDictionary.cpp, line 256]
Event: 23.010 Thread 0x0000020f613ee3b0 Exception <a 'java/lang/ClassNotFoundException'{0x000000008abb7f48}: java/util/AbstractMapBeanInfo> (0x000000008abb7f48) 
thrown [s\open\src\hotspot\share\classfile\systemDictionary.cpp, line 256]
Event: 23.011 Thread 0x0000020f613ee3b0 Exception <a 'java/lang/ClassNotFoundException'{0x000000008abbef58}: java/util/AbstractMapCustomizer> (0x000000008abbef58) 
thrown [s\open\src\hotspot\share\classfile\systemDictionary.cpp, line 256]
Event: 23.011 Thread 0x0000020f613ee3b0 Exception <a 'java/lang/ClassNotFoundException'{0x000000008abd0140}: java/util/HashMapCustomizer> (0x000000008abd0140) 
thrown [s\open\src\hotspot\share\classfile\systemDictionary.cpp, line 256]
Event: 23.012 Thread 0x0000020f613ee3b0 Exception <a 'java/lang/ClassNotFoundException'{0x000000008abee420}: java/util/LinkedHashMapCustomizer> (0x000000008abee420) 
thrown [s\open\src\hotspot\share\classfile\systemDictionary.cpp, line 256]

VM Operations (20 events):
Event: 21.970 Executing VM operation: HandshakeAllThreads
Event: 21.971 Executing VM operation: HandshakeAllThreads done
Event: 21.997 Executing VM operation: HandshakeAllThreads
Event: 21.998 Executing VM operation: HandshakeAllThreads done
Event: 21.998 Executing VM operation: ICBufferFull
Event: 21.998 Executing VM operation: ICBufferFull done
Event: 22.159 Executing VM operation: HandshakeAllThreads
Event: 22.160 Executing VM operation: HandshakeAllThreads done
Event: 22.168 Executing VM operation: ICBufferFull
Event: 22.168 Executing VM operation: ICBufferFull done
Event: 22.230 Executing VM operation: HandshakeAllThreads
Event: 22.231 Executing VM operation: HandshakeAllThreads done
Event: 22.289 Executing VM operation: HandshakeAllThreads
Event: 22.289 Executing VM operation: HandshakeAllThreads done
Event: 22.387 Executing VM operation: ICBufferFull
Event: 22.388 Executing VM operation: ICBufferFull done
Event: 22.388 Executing VM operation: ICBufferFull
Event: 22.388 Executing VM operation: ICBufferFull done
Event: 22.653 Executing VM operation: G1CollectForAllocation
Event: 22.662 Executing VM operation: G1CollectForAllocation done

Events (20 events):
Event: 23.010 loading class java/util/HashMapBeanInfo
Event: 23.010 loading class java/util/HashMapBeanInfo done
Event: 23.010 loading class java/util/HashMapBeanInfo
Event: 23.010 loading class java/util/HashMapBeanInfo done
Event: 23.010 loading class java/util/AbstractMapBeanInfo
Event: 23.010 loading class java/util/AbstractMapBeanInfo done
Event: 23.010 loading class java/util/AbstractMapBeanInfo
Event: 23.010 loading class java/util/AbstractMapBeanInfo done
Event: 23.010 loading class java/util/AbstractMapCustomizer
Event: 23.010 loading class java/util/AbstractMapCustomizer done
Event: 23.011 loading class java/util/AbstractMapCustomizer
Event: 23.011 loading class java/util/AbstractMapCustomizer done
Event: 23.011 loading class java/util/HashMapCustomizer
Event: 23.011 loading class java/util/HashMapCustomizer done
Event: 23.011 loading class java/util/HashMapCustomizer
Event: 23.011 loading class java/util/HashMapCustomizer done
Event: 23.012 loading class java/util/LinkedHashMapCustomizer
Event: 23.012 loading class java/util/LinkedHashMapCustomizer done
Event: 23.012 loading class java/util/LinkedHashMapCustomizer
Event: 23.012 loading class java/util/LinkedHashMapCustomizer done


Dynamic libraries:
0x00007ff64a060000 - 0x00007ff64a070000 	C:\Program Files\Java\jdk-17\bin\java.exe
0x00007ffd49f30000 - 0x00007ffd4a147000 	C:\WINDOWS\SYSTEM32\ntdll.dll
0x00007ffd48f50000 - 0x00007ffd49014000 	C:\WINDOWS\System32\KERNEL32.DLL
0x00007ffd47580000 - 0x00007ffd4792d000 	C:\WINDOWS\System32\KERNELBASE.dll
0x00007ffd47250000 - 0x00007ffd47361000 	C:\WINDOWS\System32\ucrtbase.dll
0x00007ffd40280000 - 0x00007ffd4029b000 	C:\Program Files\Java\jdk-17\bin\VCRUNTIME140.dll
0x00007ffd402a0000 - 0x00007ffd402b9000 	C:\Program Files\Java\jdk-17\bin\jli.dll
0x00007ffd49690000 - 0x00007ffd49742000 	C:\WINDOWS\System32\ADVAPI32.dll
0x00007ffd47c90000 - 0x00007ffd47d37000 	C:\WINDOWS\System32\msvcrt.dll
0x00007ffd48280000 - 0x00007ffd48329000 	C:\WINDOWS\System32\sechost.dll
0x00007ffd47370000 - 0x00007ffd47398000 	C:\WINDOWS\System32\bcrypt.dll
0x00007ffd485c0000 - 0x00007ffd486d4000 	C:\WINDOWS\System32\RPCRT4.dll
0x00007ffd49430000 - 0x00007ffd495de000 	C:\WINDOWS\System32\USER32.dll
0x00007ffd47c30000 - 0x00007ffd47c56000 	C:\WINDOWS\System32\win32u.dll
0x00007ffd3cb40000 - 0x00007ffd3cdd3000 	C:\WINDOWS\WinSxS\amd64_microsoft.windows.common-controls_6595b64144ccf1df_6.0.22621.3672_none_2713b9d173822955\COMCTL32.dll
0x00007ffd47c60000 - 0x00007ffd47c89000 	C:\WINDOWS\System32\GDI32.dll
0x00007ffd47b10000 - 0x00007ffd47c29000 	C:\WINDOWS\System32\gdi32full.dll
0x00007ffd474e0000 - 0x00007ffd4757a000 	C:\WINDOWS\System32\msvcp_win.dll
0x00007ffd3c430000 - 0x00007ffd3c43a000 	C:\WINDOWS\SYSTEM32\VERSION.dll
0x00007ffd49eb0000 - 0x00007ffd49ee1000 	C:\WINDOWS\System32\IMM32.DLL
0x00007ffd40d40000 - 0x00007ffd40d4c000 	C:\Program Files\Java\jdk-17\bin\vcruntime140_1.dll
0x00007ffd04690000 - 0x00007ffd0471e000 	C:\Program Files\Java\jdk-17\bin\msvcp140.dll
0x00007ffcba0c0000 - 0x00007ffcbaca0000 	C:\Program Files\Java\jdk-17\bin\server\jvm.dll
0x00007ffd480c0000 - 0x00007ffd480c8000 	C:\WINDOWS\System32\PSAPI.DLL
0x00007ffd39180000 - 0x00007ffd39189000 	C:\WINDOWS\SYSTEM32\WSOCK32.dll
0x00007ffd403b0000 - 0x00007ffd403e4000 	C:\WINDOWS\SYSTEM32\WINMM.dll
0x00007ffd49020000 - 0x00007ffd49091000 	C:\WINDOWS\System32\WS2_32.dll
0x00007ffd46370000 - 0x00007ffd46388000 	C:\WINDOWS\SYSTEM32\kernel.appcore.dll
0x00007ffd40cc0000 - 0x00007ffd40cca000 	C:\Program Files\Java\jdk-17\bin\jimage.dll
0x00007ffd44b50000 - 0x00007ffd44d82000 	C:\WINDOWS\SYSTEM32\DBGHELP.DLL
0x00007ffd490a0000 - 0x00007ffd4942e000 	C:\WINDOWS\System32\combase.dll
0x00007ffd48440000 - 0x00007ffd48517000 	C:\WINDOWS\System32\OLEAUT32.dll
0x00007ffd41220000 - 0x00007ffd41252000 	C:\WINDOWS\SYSTEM32\dbgcore.DLL
0x00007ffd473a0000 - 0x00007ffd4741b000 	C:\WINDOWS\System32\bcryptPrimitives.dll
0x00007ffd40d90000 - 0x00007ffd40d9e000 	C:\Program Files\Java\jdk-17\bin\instrument.dll
0x00007ffd38490000 - 0x00007ffd384b5000 	C:\Program Files\Java\jdk-17\bin\java.dll
0x00007ffcfb140000 - 0x00007ffcfb217000 	C:\Program Files\Java\jdk-17\bin\jsvml.dll
0x00007ffd486e0000 - 0x00007ffd48f47000 	C:\WINDOWS\System32\SHELL32.dll
0x00007ffd45190000 - 0x00007ffd45a8f000 	C:\WINDOWS\SYSTEM32\windows.storage.dll
0x00007ffd45050000 - 0x00007ffd4518f000 	C:\WINDOWS\SYSTEM32\wintypes.dll
0x00007ffd48330000 - 0x00007ffd48429000 	C:\WINDOWS\System32\SHCORE.dll
0x00007ffd47f00000 - 0x00007ffd47f5e000 	C:\WINDOWS\System32\shlwapi.dll
0x00007ffd47180000 - 0x00007ffd471a7000 	C:\WINDOWS\SYSTEM32\profapi.dll
0x00007ffd38c70000 - 0x00007ffd38c88000 	C:\Program Files\Java\jdk-17\bin\zip.dll
0x00007ffd3a5b0000 - 0x00007ffd3a5c9000 	C:\Program Files\Java\jdk-17\bin\net.dll
0x00007ffd3deb0000 - 0x00007ffd3dfe6000 	C:\WINDOWS\SYSTEM32\WINHTTP.dll
0x00007ffd46800000 - 0x00007ffd46869000 	C:\WINDOWS\system32\mswsock.dll
0x00007ffd38d40000 - 0x00007ffd38d56000 	C:\Program Files\Java\jdk-17\bin\nio.dll
0x00007ffd40ca0000 - 0x00007ffd40cb0000 	C:\Program Files\Java\jdk-17\bin\verify.dll
0x00007ffd33e60000 - 0x00007ffd33e87000 	C:\Users\HEXALDIN\.gradle\native\c067742578af261105cb4f569cf0c3c89f3d7b1fecec35dd04571415982c5e48\windows-amd64\native-platform.dll
0x00007ffce0320000 - 0x00007ffce0464000 	C:\Users\HEXALDIN\.gradle\native\100fb08df4bc3b14c8652ba06237920a3bd2aa13389f12d3474272988ae205f9\windows-amd64\native-platform-file-events.dll
0x00007ffd40e10000 - 0x00007ffd40e1a000 	C:\Program Files\Java\jdk-17\bin\management.dll
0x00007ffd40da0000 - 0x00007ffd40dab000 	C:\Program Files\Java\jdk-17\bin\management_ext.dll
0x00007ffd46a50000 - 0x00007ffd46a6b000 	C:\WINDOWS\SYSTEM32\CRYPTSP.dll
0x00007ffd462c0000 - 0x00007ffd462f5000 	C:\WINDOWS\system32\rsaenh.dll
0x00007ffd468f0000 - 0x00007ffd46918000 	C:\WINDOWS\SYSTEM32\USERENV.dll
0x00007ffd46a70000 - 0x00007ffd46a7c000 	C:\WINDOWS\SYSTEM32\CRYPTBASE.dll
0x00007ffd45d60000 - 0x00007ffd45d8d000 	C:\WINDOWS\SYSTEM32\IPHLPAPI.DLL
0x00007ffd49750000 - 0x00007ffd49759000 	C:\WINDOWS\System32\NSI.dll
0x00007ffd3dc90000 - 0x00007ffd3dca9000 	C:\WINDOWS\SYSTEM32\dhcpcsvc6.DLL
0x00007ffd3db60000 - 0x00007ffd3db7f000 	C:\WINDOWS\SYSTEM32\dhcpcsvc.DLL
0x00007ffd45dd0000 - 0x00007ffd45ec8000 	C:\WINDOWS\SYSTEM32\DNSAPI.dll
0x00007ffd404a0000 - 0x00007ffd404ae000 	C:\Program Files\Java\jdk-17\bin\sunmscapi.dll
0x00007ffd479a0000 - 0x00007ffd47b07000 	C:\WINDOWS\System32\CRYPT32.dll
0x00007ffd46bf0000 - 0x00007ffd46c1e000 	C:\WINDOWS\SYSTEM32\ncrypt.dll
0x00007ffd46bb0000 - 0x00007ffd46be7000 	C:\WINDOWS\SYSTEM32\NTASN1.dll
0x00007ffd392d0000 - 0x00007ffd392d8000 	C:\WINDOWS\system32\wshunix.dll
0x00007ffd22630000 - 0x00007ffd22647000 	C:\WINDOWS\system32\napinsp.dll
0x00007ffd12dd0000 - 0x00007ffd12deb000 	C:\WINDOWS\system32\pnrpnsp.dll
0x00007ffd09700000 - 0x00007ffd09711000 	C:\WINDOWS\System32\winrnr.dll
0x00007ffd0d970000 - 0x00007ffd0d985000 	C:\WINDOWS\system32\wshbth.dll
0x00007ffd09530000 - 0x00007ffd09557000 	C:\WINDOWS\system32\nlansp_c.dll
0x00007ffd41070000 - 0x00007ffd4107a000 	C:\Windows\System32\rasadhlp.dll
0x00007ffd41170000 - 0x00007ffd411f3000 	C:\WINDOWS\System32\fwpuclnt.dll

dbghelp: loaded successfully - version: 4.0.5 - missing functions: none
symbol engine: initialized successfully - sym options: 0x614 - pdb path: .;C:\Program Files\Java\jdk-17\bin;C:\WINDOWS\SYSTEM32;C:\WINDOWS\WinSxS\amd64_microsoft.windows.common-controls_6595b64144ccf1df_6.0.22621.3672_none_2713b9d173822955;C:\Program Files\Java\jdk-17\bin\server;C:\Users\HEXALDIN\.gradle\native\c067742578af261105cb4f569cf0c3c89f3d7b1fecec35dd04571415982c5e48\windows-amd64;C:\Users\HEXALDIN\.gradle\native\100fb08df4bc3b14c8652ba06237920a3bd2aa13389f12d3474272988ae205f9\windows-amd64

VM Arguments:
jvm_args: -XX:MaxMetaspaceSize=512m --add-opens=java.base/java.util=ALL-UNNAMED --add-opens=java.base/java.lang=ALL-UNNAMED --add-opens=java.base/java.lang.invoke=ALL-UNNAMED --add-opens=java.prefs/java.util.prefs=ALL-UNNAMED --add-opens=java.base/java.nio.charset=ALL-UNNAMED --add-opens=java.base/java.net=ALL-UNNAMED --add-opens=java.base/java.util.concurrent.atomic=ALL-UNNAMED -Xmx2048m -Dfile.encoding=windows-1252 -Duser.country=PH -Duser.language=en -Duser.variant -javaagent:C:\Users\HEXALDIN\.gradle\wrapper\dists\gradle-8.8-all\6gdy1pgp427xkqcjbxw3ylt6h\gradle-8.8\lib\agents\gradle-instrumentation-agent-8.8.jar 
java_command: org.gradle.launcher.daemon.bootstrap.GradleDaemon 8.8
java_class_path (initial): C:\Users\HEXALDIN\.gradle\wrapper\dists\gradle-8.8-all\6gdy1pgp427xkqcjbxw3ylt6h\gradle-8.8\lib\gradle-launcher-8.8.jar
Launcher Type: SUN_STANDARD

[Global flags]
     intx CICompilerCount                          = 4                                         {product} {ergonomic}
   size_t CompressedClassSpaceSize                 = 436207616                                 {product} {ergonomic}
     uint ConcGCThreads                            = 3                                         {product} {ergonomic}
     uint G1ConcRefinementThreads                  = 10                                        {product} {ergonomic}
   size_t G1HeapRegionSize                         = 1048576                                   {product} {ergonomic}
    uintx GCDrainStackTargetSize                   = 64                                        {product} {ergonomic}
   size_t InitialHeapSize                          = 130023424                                 {product} {ergonomic}
   size_t MarkStackSize                            = 4194304                                   {product} {ergonomic}
   size_t MaxHeapSize                              = 2147483648                                {product} {command line}
   size_t MaxMetaspaceSize                         = 536870912                                 {product} {command line}
   size_t MaxNewSize                               = 1287651328                                {product} {ergonomic}
   size_t MinHeapDeltaBytes                        = 1048576                                   {product} {ergonomic}
   size_t MinHeapSize                              = 8388608                                   {product} {ergonomic}
    uintx NonNMethodCodeHeapSize                   = 5839372                                {pd product} {ergonomic}
    uintx NonProfiledCodeHeapSize                  = 122909434                              {pd product} {ergonomic}
    uintx ProfiledCodeHeapSize                     = 122909434                              {pd product} {ergonomic}
    uintx ReservedCodeCacheSize                    = 251658240                              {pd product} {ergonomic}
     bool SegmentedCodeCache                       = true                                      {product} {ergonomic}
   size_t SoftMaxHeapSize                          = 2147483648                             {manageable} {ergonomic}
     bool UseCompressedClassPointers               = true                           {product lp64_product} {ergonomic}
     bool UseCompressedOops                        = true                           {product lp64_product} {ergonomic}
     bool UseG1GC                                  = true                                      {product} {ergonomic}
     bool UseLargePagesIndividualAllocation        = false                                  {pd product} {ergonomic}

Logging:
Log output configuration:
 #0: stdout all=warning uptime,level,tags
 #1: stderr all=off uptime,level,tags

Environment Variables:
JAVA_HOME=C:\Program Files\Java\jdk-17
CLASSPATH=C:\Users\HEXALDIN\Documents\GoogleAuth\android\\gradle\wrapper\gradle-wrapper.jar
PATH=C:\Users\HEXALDIN\Documents\GoogleAuth\node_modules\.bin;C:\Users\HEXALDIN\Documents\GoogleAuth\node_modules\.bin;C:\Users\HEXALDIN\Documents\node_modules\.bin;C:\Users\HEXALDIN\node_modules\.bin;C:\Users\node_modules\.bin;C:\node_modules\.bin;C:\Users\HEXALDIN\AppData\Roaming\npm\node_modules\npm\node_modules\@npmcli\run-script\lib\node-gyp-bin;C:\Program Files\Common Files\Oracle\Java\javapath;C:\Windows\system32;C:\Windows;C:\Windows\System32\Wbem;C:\Windows\System32\WindowsPowerShell\v1.0\;C:\Windows\System32\OpenSSH\;C:\Program Files (x86)\NVIDIA Corporation\PhysX\Common;C:\Program Files\NVIDIA Corporation\NVIDIA NvDLISR;C:\Program Files\dotnet\;C:\Program Files\Java\jdk-17\bin;C:\Program Files\Microsoft SQL Server\150\Tools\Binn\;C:\Program Files\Microsoft SQL Server\Client SDK\ODBC\170\Tools\Binn\;C:\WINDOWS\system32;C:\WINDOWS;C:\WINDOWS\System32\Wbem;C:\WINDOWS\System32\WindowsPowerShell\v1.0\;C:\WINDOWS\System32\OpenSSH\;C:\Program Files\nodejs\;C:\Users\HEXALDIN\Downloads\apache-tomcat-9.0.83-windows-x64\apache-tomcat-9.0.83\bin;C:\Users\HEXALDIN\Downloads\apache-maven-3.9.5-bin\apache-maven-3.9.5\bin;C:\Users\HEXALDIN\.m2\repository\com\sun\xml\ws\jaxws-ri\3.0.2\jaxws-ri-3.0.2.zip\jaxws-ri\bin;C:\Program Files\Git\cmd;C:\xampp\php;C:\xampp\mysql\bin;C:\composer;C:\Program Files\PuTTY\;C:\Users\HEXALDIN\AppData\Local\Programs\Python\Python312;C:\Users\HEXALDIN\AppData\Local\Programs\Python\Python312\Scripts;C:\Users\HEXALDIN\AppData\Local\Programs\Python\Python312\Scripts\;C:\Users\HEXALDIN\AppData\Local\Programs\Python\Python312\;C:\Users\HEXALDIN\AppData\Local\Programs\Python\Launcher\;C:\Users\HEXALDIN\AppData\Local\Microsoft\WindowsApps;C:\Users\HEXALDIN\AppData\Local\Programs\Microsoft VS Code\bin;C:\Users\HEXALDIN\AppData\Local\Programs\Microsoft VS Code Insiders\bin;C:\Users\HEXALDIN\.dotnet\tools;C:\Users\HEXALDIN\AppData\Roaming\npm;C:\Users\HEXALDIN\AppData\Local\GitHubDesktop\bin;C:\Users\HEXALDIN\AppData\Roaming\Composer\vendor\bin;C:\compos
USERNAME=HEXALDIN
LANG=en_US.UTF-8
OS=Windows_NT
PROCESSOR_IDENTIFIER=Intel64 Family 6 Model 141 Stepping 1, GenuineIntel



---------------  S Y S T E M  ---------------

OS:
 Windows 11 , 64 bit Build 22621 (10.0.22621.3958)
OS uptime: 3 days 18:10 hours
Hyper-V role detected

CPU: total 12 (initial active 12) (6 cores per cpu, 2 threads per core) family 6 model 141 stepping 1 microcode 0x34, cx8, cmov, fxsr, ht, mmx, 3dnowpref, sse, sse2, sse3, ssse3, sse4.1, sse4.2, popcnt, lzcnt, tsc, tscinvbit, avx, avx2, aes, erms, clmul, bmi1, bmi2, adx, avx512f, avx512dq, avx512cd, avx512bw, avx512vl, sha, fma, vzeroupper, avx512_vpopcntdq, avx512_vpclmulqdq, avx512_vaes, avx512_vnni, clflush, clflushopt, clwb, avx512_vbmi2, avx512_vbmi, hv

Memory: 4k page, system-wide physical 7914M (319M free)
TotalPageFile size 32490M (AvailPageFile size 0M)
current process WorkingSet (physical memory assigned to process): 410M, peak: 419M
current process commit charge ("private bytes"): 458M, peak: 464M

vm_info: Java HotSpot(TM) 64-Bit Server VM (17.0.12+8-LTS-286) for windows-amd64 JRE (17.0.12+8-LTS-286), built on Jun  5 2024 06:46:59 by "mach5one" with MS VC++ 17.6 (VS2022)

END.
